{"meta": {"format": 3, "version": "7.9.1", "timestamp": "2025-07-03T15:25:13.875684", "branch_coverage": true, "show_contexts": false}, "files": {"src/simpulse/__init__.py": {"executed_lines": [1, 7, 8, 9, 12, 14, 15, 16, 17, 20, 21, 22, 23, 24, 25, 27, 28, 29, 30, 32, 46, 51], "summary": {"covered_lines": 21, "num_statements": 26, "percent_covered": 78.57142857142857, "percent_covered_display": "79", "missing_lines": 5, "excluded_lines": 0, "num_branches": 2, "num_partial_branches": 1, "covered_branches": 1, "missing_branches": 1}, "missing_lines": [47, 61, 62, 64, 65], "excluded_lines": [], "executed_branches": [[46, 51]], "missing_branches": [[46, 47]], "functions": {"optimize_project": {"executed_lines": [], "summary": {"covered_lines": 0, "num_statements": 4, "percent_covered": 0.0, "percent_covered_display": "0", "missing_lines": 4, "excluded_lines": 0, "num_branches": 0, "num_partial_branches": 0, "covered_branches": 0, "missing_branches": 0}, "missing_lines": [61, 62, 64, 65], "excluded_lines": [], "executed_branches": [], "missing_branches": []}, "": {"executed_lines": [1, 7, 8, 9, 12, 14, 15, 16, 17, 20, 21, 22, 23, 24, 25, 27, 28, 29, 30, 32, 46, 51], "summary": {"covered_lines": 21, "num_statements": 22, "percent_covered": 91.66666666666667, "percent_covered_display": "92", "missing_lines": 1, "excluded_lines": 0, "num_branches": 2, "num_partial_branches": 1, "covered_branches": 1, "missing_branches": 1}, "missing_lines": [47], "excluded_lines": [], "executed_branches": [[46, 51]], "missing_branches": [[46, 47]]}}, "classes": {"": {"executed_lines": [1, 7, 8, 9, 12, 14, 15, 16, 17, 20, 21, 22, 23, 24, 25, 27, 28, 29, 30, 32, 46, 51], "summary": {"covered_lines": 21, "num_statements": 26, "percent_covered": 78.57142857142857, "percent_covered_display": "79", "missing_lines": 5, "excluded_lines": 0, "num_branches": 2, "num_partial_branches": 1, "covered_branches": 1, "missing_branches": 1}, "missing_lines": [47, 61, 62, 64, 65], "excluded_lines": [], "executed_branches": [[46, 51]], "missing_branches": [[46, 47]]}}}, "src/simpulse/__main__.py": {"executed_lines": [], "summary": {"covered_lines": 0, "num_statements": 1, "percent_covered": 0.0, "percent_covered_display": "0", "missing_lines": 1, "excluded_lines": 2, "num_branches": 0, "num_partial_branches": 0, "covered_branches": 0, "missing_branches": 0}, "missing_lines": [3], "excluded_lines": [5, 6], "executed_branches": [], "missing_branches": [], "functions": {"": {"executed_lines": [], "summary": {"covered_lines": 0, "num_statements": 1, "percent_covered": 0.0, "percent_covered_display": "0", "missing_lines": 1, "excluded_lines": 2, "num_branches": 0, "num_partial_branches": 0, "covered_branches": 0, "missing_branches": 0}, "missing_lines": [3], "excluded_lines": [5, 6], "executed_branches": [], "missing_branches": []}}, "classes": {"": {"executed_lines": [], "summary": {"covered_lines": 0, "num_statements": 1, "percent_covered": 0.0, "percent_covered_display": "0", "missing_lines": 1, "excluded_lines": 2, "num_branches": 0, "num_partial_branches": 0, "covered_branches": 0, "missing_branches": 0}, "missing_lines": [3], "excluded_lines": [5, 6], "executed_branches": [], "missing_branches": []}}}, "src/simpulse/analysis/__init__.py": {"executed_lines": [1], "summary": {"covered_lines": 0, "num_statements": 0, "percent_covered": 100.0, "percent_covered_display": "100", "missing_lines": 0, "excluded_lines": 0, "num_branches": 0, "num_partial_branches": 0, "covered_branches": 0, "missing_branches": 0}, "missing_lines": [], "excluded_lines": [], "executed_branches": [], "missing_branches": [], "functions": {"": {"executed_lines": [1], "summary": {"covered_lines": 0, "num_statements": 0, "percent_covered": 100.0, "percent_covered_display": "100", "missing_lines": 0, "excluded_lines": 0, "num_branches": 0, "num_partial_branches": 0, "covered_branches": 0, "missing_branches": 0}, "missing_lines": [], "excluded_lines": [], "executed_branches": [], "missing_branches": []}}, "classes": {"": {"executed_lines": [1], "summary": {"covered_lines": 0, "num_statements": 0, "percent_covered": 100.0, "percent_covered_display": "100", "missing_lines": 0, "excluded_lines": 0, "num_branches": 0, "num_partial_branches": 0, "covered_branches": 0, "missing_branches": 0}, "missing_lines": [], "excluded_lines": [], "executed_branches": [], "missing_branches": []}}}, "src/simpulse/analysis/health_checker.py": {"executed_lines": [1, 3, 4, 6, 9, 10, 22, 23, 24, 25, 26, 27, 28, 31, 32, 39, 40, 42, 51, 53, 54, 56, 57, 60, 61, 62, 64, 65, 66, 67, 71, 72, 82, 85, 86, 88, 90, 91, 96, 99, 100, 104], "summary": {"covered_lines": 39, "num_statements": 47, "percent_covered": 80.0, "percent_covered_display": "80", "missing_lines": 8, "excluded_lines": 0, "num_branches": 18, "num_partial_branches": 5, "covered_branches": 13, "missing_branches": 5}, "missing_lines": [58, 68, 69, 87, 89, 93, 101, 102], "excluded_lines": [], "executed_branches": [[56, 57], [56, 71], [57, 60], [64, 56], [64, 65], [66, 64], [66, 67], [71, 72], [71, 82], [86, 88], [88, 90], [90, 91], [100, 104]], "missing_branches": [[57, 58], [86, 87], [88, 89], [90, 93], [100, 101]], "functions": {"HealthChecker.__init__": {"executed_lines": [40], "summary": {"covered_lines": 1, "num_statements": 1, "percent_covered": 100.0, "percent_covered_display": "100", "missing_lines": 0, "excluded_lines": 0, "num_branches": 0, "num_partial_branches": 0, "covered_branches": 0, "missing_branches": 0}, "missing_lines": [], "excluded_lines": [], "executed_branches": [], "missing_branches": []}, "HealthChecker.check_project": {"executed_lines": [51, 53, 54, 56, 57, 60, 61, 62, 64, 65, 66, 67, 71, 72, 82, 85, 86, 88, 90, 91, 96, 99, 100, 104], "summary": {"covered_lines": 24, "num_statements": 32, "percent_covered": 74.0, "percent_covered_display": "74", "missing_lines": 8, "excluded_lines": 0, "num_branches": 18, "num_partial_branches": 5, "covered_branches": 13, "missing_branches": 5}, "missing_lines": [58, 68, 69, 87, 89, 93, 101, 102], "excluded_lines": [], "executed_branches": [[56, 57], [56, 71], [57, 60], [64, 56], [64, 65], [66, 64], [66, 67], [71, 72], [71, 82], [86, 88], [88, 90], [90, 91], [100, 104]], "missing_branches": [[57, 58], [86, 87], [88, 89], [90, 93], [100, 101]]}, "": {"executed_lines": [1, 3, 4, 6, 9, 10, 22, 23, 24, 25, 26, 27, 28, 31, 32, 39, 42], "summary": {"covered_lines": 14, "num_statements": 14, "percent_covered": 100.0, "percent_covered_display": "100", "missing_lines": 0, "excluded_lines": 0, "num_branches": 0, "num_partial_branches": 0, "covered_branches": 0, "missing_branches": 0}, "missing_lines": [], "excluded_lines": [], "executed_branches": [], "missing_branches": []}}, "classes": {"HealthCheckResult": {"executed_lines": [], "summary": {"covered_lines": 0, "num_statements": 0, "percent_covered": 100.0, "percent_covered_display": "100", "missing_lines": 0, "excluded_lines": 0, "num_branches": 0, "num_partial_branches": 0, "covered_branches": 0, "missing_branches": 0}, "missing_lines": [], "excluded_lines": [], "executed_branches": [], "missing_branches": []}, "HealthChecker": {"executed_lines": [40, 51, 53, 54, 56, 57, 60, 61, 62, 64, 65, 66, 67, 71, 72, 82, 85, 86, 88, 90, 91, 96, 99, 100, 104], "summary": {"covered_lines": 25, "num_statements": 33, "percent_covered": 74.50980392156863, "percent_covered_display": "75", "missing_lines": 8, "excluded_lines": 0, "num_branches": 18, "num_partial_branches": 5, "covered_branches": 13, "missing_branches": 5}, "missing_lines": [58, 68, 69, 87, 89, 93, 101, 102], "excluded_lines": [], "executed_branches": [[56, 57], [56, 71], [57, 60], [64, 56], [64, 65], [66, 64], [66, 67], [71, 72], [71, 82], [86, 88], [88, 90], [90, 91], [100, 104]], "missing_branches": [[57, 58], [86, 87], [88, 89], [90, 93], [100, 101]]}, "": {"executed_lines": [1, 3, 4, 6, 9, 10, 22, 23, 24, 25, 26, 27, 28, 31, 32, 39, 42], "summary": {"covered_lines": 14, "num_statements": 14, "percent_covered": 100.0, "percent_covered_display": "100", "missing_lines": 0, "excluded_lines": 0, "num_branches": 0, "num_partial_branches": 0, "covered_branches": 0, "missing_branches": 0}, "missing_lines": [], "excluded_lines": [], "executed_branches": [], "missing_branches": []}}}, "src/simpulse/analysis/impact_analyzer.py": {"executed_lines": [], "summary": {"covered_lines": 0, "num_statements": 231, "percent_covered": 0.0, "percent_covered_display": "0", "missing_lines": 231, "excluded_lines": 0, "num_branches": 38, "num_partial_branches": 0, "covered_branches": 0, "missing_branches": 38}, "missing_lines": [8, 9, 10, 11, 12, 13, 14, 15, 17, 19, 22, 23, 26, 27, 28, 29, 32, 33, 36, 37, 39, 41, 42, 43, 46, 47, 50, 51, 52, 55, 56, 59, 60, 62, 64, 65, 66, 68, 69, 72, 73, 76, 77, 78, 81, 82, 83, 85, 87, 90, 93, 94, 97, 100, 101, 105, 106, 107, 110, 111, 112, 115, 116, 117, 119, 122, 127, 132, 136, 137, 139, 146, 147, 150, 151, 152, 153, 154, 157, 158, 159, 161, 163, 165, 200, 203, 204, 207, 208, 209, 210, 211, 214, 215, 218, 219, 220, 221, 224, 227, 233, 234, 237, 248, 262, 265, 268, 271, 274, 277, 280, 282, 293, 295, 298, 300, 304, 307, 308, 310, 311, 314, 315, 318, 319, 322, 324, 335, 339, 342, 343, 345, 348, 351, 353, 354, 355, 357, 365, 369, 372, 373, 375, 381, 388, 397, 399, 410, 412, 415, 416, 417, 418, 421, 422, 425, 426, 428, 430, 432, 433, 435, 437, 458, 459, 461, 463, 464, 466, 476, 477, 480, 481, 482, 484, 577, 579, 581, 582, 584, 585, 586, 588, 589, 590, 592, 594, 596, 597, 599, 600, 601, 602, 603, 605, 606, 609, 610, 612, 614, 627, 641, 644, 646, 655, 656, 659, 660, 663, 666, 667, 670, 671, 675, 696, 698, 700, 702, 703, 704, 705, 706, 707, 709, 711, 712, 713, 714, 715, 716, 718], "excluded_lines": [], "executed_branches": [], "missing_branches": [[93, 94], [93, 97], [415, 416], [415, 417], [417, 418], [417, 421], [421, 422], [421, 425], [425, 426], [425, 428], [476, 477], [476, 480], [584, 585], [584, 588], [588, 589], [588, 592], [599, 600], [599, 605], [600, 599], [600, 601], [601, 599], [601, 602], [606, 609], [606, 612], [655, 656], [655, 659], [702, 703], [702, 704], [704, 705], [704, 706], [706, 707], [706, 709], [711, 712], [711, 713], [713, 714], [713, 715], [715, 716], [715, 718]], "functions": {"TimeSavingsProjection.__post_init__": {"executed_lines": [], "summary": {"covered_lines": 0, "num_statements": 3, "percent_covered": 0.0, "percent_covered_display": "0", "missing_lines": 3, "excluded_lines": 0, "num_branches": 0, "num_partial_branches": 0, "covered_branches": 0, "missing_branches": 0}, "missing_lines": [41, 42, 43], "excluded_lines": [], "executed_branches": [], "missing_branches": []}, "EnergyImpact.__post_init__": {"executed_lines": [], "summary": {"covered_lines": 0, "num_statements": 5, "percent_covered": 0.0, "percent_covered_display": "0", "missing_lines": 5, "excluded_lines": 0, "num_branches": 0, "num_partial_branches": 0, "covered_branches": 0, "missing_branches": 0}, "missing_lines": [64, 65, 66, 68, 69], "excluded_lines": [], "executed_branches": [], "missing_branches": []}, "ProductivityImpact.__post_init__": {"executed_lines": [], "summary": {"covered_lines": 0, "num_statements": 5, "percent_covered": 0.0, "percent_covered_display": "0", "missing_lines": 5, "excluded_lines": 0, "num_branches": 2, "num_partial_branches": 0, "covered_branches": 0, "missing_branches": 2}, "missing_lines": [87, 90, 93, 94, 97], "excluded_lines": [], "executed_branches": [], "missing_branches": [[93, 94], [93, 97]]}, "CostSavings.__post_init__": {"executed_lines": [], "summary": {"covered_lines": 0, "num_statements": 3, "percent_covered": 0.0, "percent_covered_display": "0", "missing_lines": 3, "excluded_lines": 0, "num_branches": 0, "num_partial_branches": 0, "covered_branches": 0, "missing_branches": 0}, "missing_lines": [122, 127, 132], "excluded_lines": [], "executed_branches": [], "missing_branches": []}, "CostSavings.total_annual_savings_usd": {"executed_lines": [], "summary": {"covered_lines": 0, "num_statements": 1, "percent_covered": 0.0, "percent_covered_display": "0", "missing_lines": 1, "excluded_lines": 0, "num_branches": 0, "num_partial_branches": 0, "covered_branches": 0, "missing_branches": 0}, "missing_lines": [139], "excluded_lines": [], "executed_branches": [], "missing_branches": []}, "ImpactReport.generate_executive_summary": {"executed_lines": [], "summary": {"covered_lines": 0, "num_statements": 3, "percent_covered": 0.0, "percent_covered_display": "0", "missing_lines": 3, "excluded_lines": 0, "num_branches": 0, "num_partial_branches": 0, "covered_branches": 0, "missing_branches": 0}, "missing_lines": [163, 165, 200], "excluded_lines": [], "executed_branches": [], "missing_branches": []}, "ImpactAnalyzer.__init__": {"executed_lines": [], "summary": {"covered_lines": 0, "num_statements": 3, "percent_covered": 0.0, "percent_covered_display": "0", "missing_lines": 3, "excluded_lines": 0, "num_branches": 0, "num_partial_branches": 0, "covered_branches": 0, "missing_branches": 0}, "missing_lines": [233, 234, 237], "excluded_lines": [], "executed_branches": [], "missing_branches": []}, "ImpactAnalyzer.analyze_optimization_impact": {"executed_lines": [], "summary": {"covered_lines": 0, "num_statements": 11, "percent_covered": 0.0, "percent_covered_display": "0", "missing_lines": 11, "excluded_lines": 0, "num_branches": 0, "num_partial_branches": 0, "covered_branches": 0, "missing_branches": 0}, "missing_lines": [262, 265, 268, 271, 274, 277, 280, 282, 293, 295, 298], "excluded_lines": [], "executed_branches": [], "missing_branches": []}, "ImpactAnalyzer._calculate_time_savings": {"executed_lines": [], "summary": {"covered_lines": 0, "num_statements": 11, "percent_covered": 0.0, "percent_covered_display": "0", "missing_lines": 11, "excluded_lines": 0, "num_branches": 0, "num_partial_branches": 0, "covered_branches": 0, "missing_branches": 0}, "missing_lines": [304, 307, 308, 310, 311, 314, 315, 318, 319, 322, 324], "excluded_lines": [], "executed_branches": [], "missing_branches": []}, "ImpactAnalyzer._calculate_energy_impact": {"executed_lines": [], "summary": {"covered_lines": 0, "num_statements": 10, "percent_covered": 0.0, "percent_covered_display": "0", "missing_lines": 10, "excluded_lines": 0, "num_branches": 0, "num_partial_branches": 0, "covered_branches": 0, "missing_branches": 0}, "missing_lines": [339, 342, 343, 345, 348, 351, 353, 354, 355, 357], "excluded_lines": [], "executed_branches": [], "missing_branches": []}, "ImpactAnalyzer._calculate_productivity_impact": {"executed_lines": [], "summary": {"covered_lines": 0, "num_statements": 4, "percent_covered": 0.0, "percent_covered_display": "0", "missing_lines": 4, "excluded_lines": 0, "num_branches": 0, "num_partial_branches": 0, "covered_branches": 0, "missing_branches": 0}, "missing_lines": [369, 372, 373, 375], "excluded_lines": [], "executed_branches": [], "missing_branches": []}, "ImpactAnalyzer._calculate_cost_savings": {"executed_lines": [], "summary": {"covered_lines": 0, "num_statements": 1, "percent_covered": 0.0, "percent_covered_display": "0", "missing_lines": 1, "excluded_lines": 0, "num_branches": 0, "num_partial_branches": 0, "covered_branches": 0, "missing_branches": 0}, "missing_lines": [388], "excluded_lines": [], "executed_branches": [], "missing_branches": []}, "ImpactAnalyzer._generate_assumptions": {"executed_lines": [], "summary": {"covered_lines": 0, "num_statements": 1, "percent_covered": 0.0, "percent_covered_display": "0", "missing_lines": 1, "excluded_lines": 0, "num_branches": 0, "num_partial_branches": 0, "covered_branches": 0, "missing_branches": 0}, "missing_lines": [399], "excluded_lines": [], "executed_branches": [], "missing_branches": []}, "ImpactAnalyzer._calculate_confidence_level": {"executed_lines": [], "summary": {"covered_lines": 0, "num_statements": 10, "percent_covered": 0.0, "percent_covered_display": "0", "missing_lines": 10, "excluded_lines": 0, "num_branches": 8, "num_partial_branches": 0, "covered_branches": 0, "missing_branches": 8}, "missing_lines": [412, 415, 416, 417, 418, 421, 422, 425, 426, 428], "excluded_lines": [], "executed_branches": [], "missing_branches": [[415, 416], [415, 417], [417, 418], [417, 421], [421, 422], [421, 425], [425, 426], [425, 428]]}, "ImpactAnalyzer._store_report": {"executed_lines": [], "summary": {"covered_lines": 0, "num_statements": 9, "percent_covered": 0.0, "percent_covered_display": "0", "missing_lines": 9, "excluded_lines": 0, "num_branches": 0, "num_partial_branches": 0, "covered_branches": 0, "missing_branches": 0}, "missing_lines": [432, 433, 435, 437, 458, 459, 461, 463, 464], "excluded_lines": [], "executed_branches": [], "missing_branches": []}, "ImpactAnalyzer.generate_case_study": {"executed_lines": [], "summary": {"covered_lines": 0, "num_statements": 7, "percent_covered": 0.0, "percent_covered_display": "0", "missing_lines": 7, "excluded_lines": 0, "num_branches": 2, "num_partial_branches": 0, "covered_branches": 0, "missing_branches": 2}, "missing_lines": [476, 477, 480, 481, 482, 484, 577], "excluded_lines": [], "executed_branches": [], "missing_branches": [[476, 477], [476, 480]]}, "ImpactAnalyzer._format_results_table": {"executed_lines": [], "summary": {"covered_lines": 0, "num_statements": 9, "percent_covered": 0.0, "percent_covered_display": "0", "missing_lines": 9, "excluded_lines": 0, "num_branches": 4, "num_partial_branches": 0, "covered_branches": 0, "missing_branches": 4}, "missing_lines": [581, 582, 584, 585, 586, 588, 589, 590, 592], "excluded_lines": [], "executed_branches": [], "missing_branches": [[584, 585], [584, 588], [588, 589], [588, 592]]}, "ImpactAnalyzer._analyze_mutation_patterns": {"executed_lines": [], "summary": {"covered_lines": 0, "num_statements": 12, "percent_covered": 0.0, "percent_covered_display": "0", "missing_lines": 12, "excluded_lines": 0, "num_branches": 8, "num_partial_branches": 0, "covered_branches": 0, "missing_branches": 8}, "missing_lines": [596, 597, 599, 600, 601, 602, 603, 605, 606, 609, 610, 612], "excluded_lines": [], "executed_branches": [], "missing_branches": [[599, 600], [599, 605], [600, 599], [600, 601], [601, 599], [601, 602], [606, 609], [606, 612]]}, "ImpactAnalyzer.track_community_adoption": {"executed_lines": [], "summary": {"covered_lines": 0, "num_statements": 3, "percent_covered": 0.0, "percent_covered_display": "0", "missing_lines": 3, "excluded_lines": 0, "num_branches": 0, "num_partial_branches": 0, "covered_branches": 0, "missing_branches": 0}, "missing_lines": [627, 641, 644], "excluded_lines": [], "executed_branches": [], "missing_branches": []}, "ImpactAnalyzer.generate_roi_analysis": {"executed_lines": [], "summary": {"covered_lines": 0, "num_statements": 11, "percent_covered": 0.0, "percent_covered_display": "0", "missing_lines": 11, "excluded_lines": 0, "num_branches": 2, "num_partial_branches": 0, "covered_branches": 0, "missing_branches": 2}, "missing_lines": [655, 656, 659, 660, 663, 666, 667, 670, 671, 675, 696], "excluded_lines": [], "executed_branches": [], "missing_branches": [[655, 656], [655, 659]]}, "ImpactAnalyzer._generate_roi_recommendations": {"executed_lines": [], "summary": {"covered_lines": 0, "num_statements": 15, "percent_covered": 0.0, "percent_covered_display": "0", "missing_lines": 15, "excluded_lines": 0, "num_branches": 12, "num_partial_branches": 0, "covered_branches": 0, "missing_branches": 12}, "missing_lines": [700, 702, 703, 704, 705, 706, 707, 709, 711, 712, 713, 714, 715, 716, 718], "excluded_lines": [], "executed_branches": [], "missing_branches": [[702, 703], [702, 704], [704, 705], [704, 706], [706, 707], [706, 709], [711, 712], [711, 713], [713, 714], [713, 715], [715, 716], [715, 718]]}, "": {"executed_lines": [], "summary": {"covered_lines": 0, "num_statements": 94, "percent_covered": 0.0, "percent_covered_display": "0", "missing_lines": 94, "excluded_lines": 0, "num_branches": 0, "num_partial_branches": 0, "covered_branches": 0, "missing_branches": 0}, "missing_lines": [8, 9, 10, 11, 12, 13, 14, 15, 17, 19, 22, 23, 26, 27, 28, 29, 32, 33, 36, 37, 39, 46, 47, 50, 51, 52, 55, 56, 59, 60, 62, 72, 73, 76, 77, 78, 81, 82, 83, 85, 100, 101, 105, 106, 107, 110, 111, 112, 115, 116, 117, 119, 136, 137, 146, 147, 150, 151, 152, 153, 154, 157, 158, 159, 161, 203, 204, 207, 208, 209, 210, 211, 214, 215, 218, 219, 220, 221, 224, 227, 248, 300, 335, 365, 381, 397, 410, 430, 466, 579, 594, 614, 646, 698], "excluded_lines": [], "executed_branches": [], "missing_branches": []}}, "classes": {"TimeSavingsProjection": {"executed_lines": [], "summary": {"covered_lines": 0, "num_statements": 3, "percent_covered": 0.0, "percent_covered_display": "0", "missing_lines": 3, "excluded_lines": 0, "num_branches": 0, "num_partial_branches": 0, "covered_branches": 0, "missing_branches": 0}, "missing_lines": [41, 42, 43], "excluded_lines": [], "executed_branches": [], "missing_branches": []}, "EnergyImpact": {"executed_lines": [], "summary": {"covered_lines": 0, "num_statements": 5, "percent_covered": 0.0, "percent_covered_display": "0", "missing_lines": 5, "excluded_lines": 0, "num_branches": 0, "num_partial_branches": 0, "covered_branches": 0, "missing_branches": 0}, "missing_lines": [64, 65, 66, 68, 69], "excluded_lines": [], "executed_branches": [], "missing_branches": []}, "ProductivityImpact": {"executed_lines": [], "summary": {"covered_lines": 0, "num_statements": 5, "percent_covered": 0.0, "percent_covered_display": "0", "missing_lines": 5, "excluded_lines": 0, "num_branches": 2, "num_partial_branches": 0, "covered_branches": 0, "missing_branches": 2}, "missing_lines": [87, 90, 93, 94, 97], "excluded_lines": [], "executed_branches": [], "missing_branches": [[93, 94], [93, 97]]}, "CostSavings": {"executed_lines": [], "summary": {"covered_lines": 0, "num_statements": 4, "percent_covered": 0.0, "percent_covered_display": "0", "missing_lines": 4, "excluded_lines": 0, "num_branches": 0, "num_partial_branches": 0, "covered_branches": 0, "missing_branches": 0}, "missing_lines": [122, 127, 132, 139], "excluded_lines": [], "executed_branches": [], "missing_branches": []}, "ImpactReport": {"executed_lines": [], "summary": {"covered_lines": 0, "num_statements": 3, "percent_covered": 0.0, "percent_covered_display": "0", "missing_lines": 3, "excluded_lines": 0, "num_branches": 0, "num_partial_branches": 0, "covered_branches": 0, "missing_branches": 0}, "missing_lines": [163, 165, 200], "excluded_lines": [], "executed_branches": [], "missing_branches": []}, "AdoptionMetrics": {"executed_lines": [], "summary": {"covered_lines": 0, "num_statements": 0, "percent_covered": 100.0, "percent_covered_display": "100", "missing_lines": 0, "excluded_lines": 0, "num_branches": 0, "num_partial_branches": 0, "covered_branches": 0, "missing_branches": 0}, "missing_lines": [], "excluded_lines": [], "executed_branches": [], "missing_branches": []}, "ImpactAnalyzer": {"executed_lines": [], "summary": {"covered_lines": 0, "num_statements": 117, "percent_covered": 0.0, "percent_covered_display": "0", "missing_lines": 117, "excluded_lines": 0, "num_branches": 36, "num_partial_branches": 0, "covered_branches": 0, "missing_branches": 36}, "missing_lines": [233, 234, 237, 262, 265, 268, 271, 274, 277, 280, 282, 293, 295, 298, 304, 307, 308, 310, 311, 314, 315, 318, 319, 322, 324, 339, 342, 343, 345, 348, 351, 353, 354, 355, 357, 369, 372, 373, 375, 388, 399, 412, 415, 416, 417, 418, 421, 422, 425, 426, 428, 432, 433, 435, 437, 458, 459, 461, 463, 464, 476, 477, 480, 481, 482, 484, 577, 581, 582, 584, 585, 586, 588, 589, 590, 592, 596, 597, 599, 600, 601, 602, 603, 605, 606, 609, 610, 612, 627, 641, 644, 655, 656, 659, 660, 663, 666, 667, 670, 671, 675, 696, 700, 702, 703, 704, 705, 706, 707, 709, 711, 712, 713, 714, 715, 716, 718], "excluded_lines": [], "executed_branches": [], "missing_branches": [[415, 416], [415, 417], [417, 418], [417, 421], [421, 422], [421, 425], [425, 426], [425, 428], [476, 477], [476, 480], [584, 585], [584, 588], [588, 589], [588, 592], [599, 600], [599, 605], [600, 599], [600, 601], [601, 599], [601, 602], [606, 609], [606, 612], [655, 656], [655, 659], [702, 703], [702, 704], [704, 705], [704, 706], [706, 707], [706, 709], [711, 712], [711, 713], [713, 714], [713, 715], [715, 716], [715, 718]]}, "": {"executed_lines": [], "summary": {"covered_lines": 0, "num_statements": 94, "percent_covered": 0.0, "percent_covered_display": "0", "missing_lines": 94, "excluded_lines": 0, "num_branches": 0, "num_partial_branches": 0, "covered_branches": 0, "missing_branches": 0}, "missing_lines": [8, 9, 10, 11, 12, 13, 14, 15, 17, 19, 22, 23, 26, 27, 28, 29, 32, 33, 36, 37, 39, 46, 47, 50, 51, 52, 55, 56, 59, 60, 62, 72, 73, 76, 77, 78, 81, 82, 83, 85, 100, 101, 105, 106, 107, 110, 111, 112, 115, 116, 117, 119, 136, 137, 146, 147, 150, 151, 152, 153, 154, 157, 158, 159, 161, 203, 204, 207, 208, 209, 210, 211, 214, 215, 218, 219, 220, 221, 224, 227, 248, 300, 335, 365, 381, 397, 410, 430, 466, 579, 594, 614, 646, 698], "excluded_lines": [], "executed_branches": [], "missing_branches": []}}}, "src/simpulse/analyzer.py": {"executed_lines": [1, 3, 4, 5, 6, 9, 10, 11, 13, 14, 15, 16, 17, 18, 20, 22, 25, 26, 27, 29, 30, 31, 32, 35, 36, 38, 44, 47, 49, 64, 66, 75, 76, 79, 81, 82, 85, 86, 87, 88, 91, 94, 95, 96, 97, 98, 99, 103, 104, 106, 107, 108, 111, 112, 114, 121, 123, 125, 137, 138, 140, 141, 144, 145, 148, 150, 157, 166, 167, 168, 170, 171, 172, 173, 174, 179, 182, 184, 194, 196, 198, 207, 208, 214, 218, 227, 228, 229, 236, 237, 238, 240, 247, 256, 258, 260, 261, 263, 266, 270], "summary": {"covered_lines": 96, "num_statements": 103, "percent_covered": 92.91338582677166, "percent_covered_display": "93", "missing_lines": 7, "excluded_lines": 0, "num_branches": 24, "num_partial_branches": 2, "covered_branches": 22, "missing_branches": 2}, "missing_lines": [175, 176, 215, 216, 264, 279, 280], "excluded_lines": [], "executed_branches": [[79, 81], [79, 123], [87, 88], [87, 91], [95, 96], [95, 103], [97, 95], [97, 98], [106, 107], [137, 138], [137, 140], [144, 145], [144, 148], [170, 171], [170, 179], [228, 229], [228, 236], [258, 260], [258, 266], [260, 261], [260, 263], [263, 258]], "missing_branches": [[106, 79], [263, 264]], "functions": {"SimpRule.__hash__": {"executed_lines": [22], "summary": {"covered_lines": 1, "num_statements": 1, "percent_covered": 100.0, "percent_covered_display": "100", "missing_lines": 0, "excluded_lines": 0, "num_branches": 0, "num_partial_branches": 0, "covered_branches": 0, "missing_branches": 0}, "missing_lines": [], "excluded_lines": [], "executed_branches": [], "missing_branches": []}, "LeanAnalyzer.__init__": {"executed_lines": [44, 47, 49, 64], "summary": {"covered_lines": 4, "num_statements": 4, "percent_covered": 100.0, "percent_covered_display": "100", "missing_lines": 0, "excluded_lines": 0, "num_branches": 0, "num_partial_branches": 0, "covered_branches": 0, "missing_branches": 0}, "missing_lines": [], "excluded_lines": [], "executed_branches": [], "missing_branches": []}, "LeanAnalyzer.extract_simp_rules": {"executed_lines": [75, 76, 79, 81, 82, 85, 86, 87, 88, 91, 94, 95, 96, 97, 98, 99, 103, 104, 106, 107, 108, 111, 112, 114, 121, 123], "summary": {"covered_lines": 26, "num_statements": 26, "percent_covered": 97.22222222222223, "percent_covered_display": "97", "missing_lines": 0, "excluded_lines": 0, "num_branches": 10, "num_partial_branches": 1, "covered_branches": 9, "missing_branches": 1}, "missing_lines": [], "excluded_lines": [], "executed_branches": [[79, 81], [79, 123], [87, 88], [87, 91], [95, 96], [95, 103], [97, 95], [97, 98], [106, 107]], "missing_branches": [[106, 79]]}, "LeanAnalyzer.analyze_file": {"executed_lines": [137, 138, 140, 141, 144, 145, 148, 150], "summary": {"covered_lines": 8, "num_statements": 8, "percent_covered": 100.0, "percent_covered_display": "100", "missing_lines": 0, "excluded_lines": 0, "num_branches": 4, "num_partial_branches": 0, "covered_branches": 4, "missing_branches": 0}, "missing_lines": [], "excluded_lines": [], "executed_branches": [[137, 138], [137, 140], [144, 145], [144, 148]], "missing_branches": []}, "LeanAnalyzer.analyze_project": {"executed_lines": [166, 167, 168, 170, 171, 172, 173, 174, 179, 182, 184], "summary": {"covered_lines": 11, "num_statements": 13, "percent_covered": 86.66666666666667, "percent_covered_display": "87", "missing_lines": 2, "excluded_lines": 0, "num_branches": 2, "num_partial_branches": 0, "covered_branches": 2, "missing_branches": 0}, "missing_lines": [175, 176], "excluded_lines": [], "executed_branches": [[170, 171], [170, 179]], "missing_branches": []}, "LeanAnalyzer._get_lean_files": {"executed_lines": [196], "summary": {"covered_lines": 1, "num_statements": 1, "percent_covered": 100.0, "percent_covered_display": "100", "missing_lines": 0, "excluded_lines": 0, "num_branches": 0, "num_partial_branches": 0, "covered_branches": 0, "missing_branches": 0}, "missing_lines": [], "excluded_lines": [], "executed_branches": [], "missing_branches": []}, "LeanAnalyzer._validate_lean_syntax": {"executed_lines": [207, 208, 214], "summary": {"covered_lines": 3, "num_statements": 5, "percent_covered": 60.0, "percent_covered_display": "60", "missing_lines": 2, "excluded_lines": 0, "num_branches": 0, "num_partial_branches": 0, "covered_branches": 0, "missing_branches": 0}, "missing_lines": [215, 216], "excluded_lines": [], "executed_branches": [], "missing_branches": []}, "LeanAnalyzer._calculate_statistics": {"executed_lines": [227, 228, 229, 236, 237, 238, 240], "summary": {"covered_lines": 7, "num_statements": 7, "percent_covered": 100.0, "percent_covered_display": "100", "missing_lines": 0, "excluded_lines": 0, "num_branches": 2, "num_partial_branches": 0, "covered_branches": 2, "missing_branches": 0}, "missing_lines": [], "excluded_lines": [], "executed_branches": [[228, 229], [228, 236]], "missing_branches": []}, "LeanAnalyzer._get_optimization_opportunities": {"executed_lines": [256, 258, 260, 261, 263, 266], "summary": {"covered_lines": 6, "num_statements": 7, "percent_covered": 84.61538461538461, "percent_covered_display": "85", "missing_lines": 1, "excluded_lines": 0, "num_branches": 6, "num_partial_branches": 1, "covered_branches": 5, "missing_branches": 1}, "missing_lines": [264], "excluded_lines": [], "executed_branches": [[258, 260], [258, 266], [260, 261], [260, 263], [263, 258]], "missing_branches": [[263, 264]]}, "extract_simp_rules": {"executed_lines": [], "summary": {"covered_lines": 0, "num_statements": 2, "percent_covered": 0.0, "percent_covered_display": "0", "missing_lines": 2, "excluded_lines": 0, "num_branches": 0, "num_partial_branches": 0, "covered_branches": 0, "missing_branches": 0}, "missing_lines": [279, 280], "excluded_lines": [], "executed_branches": [], "missing_branches": []}, "": {"executed_lines": [1, 3, 4, 5, 6, 9, 10, 11, 13, 14, 15, 16, 17, 18, 20, 25, 26, 27, 29, 30, 31, 32, 35, 36, 38, 66, 125, 157, 194, 198, 218, 247, 270], "summary": {"covered_lines": 29, "num_statements": 29, "percent_covered": 100.0, "percent_covered_display": "100", "missing_lines": 0, "excluded_lines": 0, "num_branches": 0, "num_partial_branches": 0, "covered_branches": 0, "missing_branches": 0}, "missing_lines": [], "excluded_lines": [], "executed_branches": [], "missing_branches": []}}, "classes": {"SimpRule": {"executed_lines": [22], "summary": {"covered_lines": 1, "num_statements": 1, "percent_covered": 100.0, "percent_covered_display": "100", "missing_lines": 0, "excluded_lines": 0, "num_branches": 0, "num_partial_branches": 0, "covered_branches": 0, "missing_branches": 0}, "missing_lines": [], "excluded_lines": [], "executed_branches": [], "missing_branches": []}, "LeanFileAnalysis": {"executed_lines": [], "summary": {"covered_lines": 0, "num_statements": 0, "percent_covered": 100.0, "percent_covered_display": "100", "missing_lines": 0, "excluded_lines": 0, "num_branches": 0, "num_partial_branches": 0, "covered_branches": 0, "missing_branches": 0}, "missing_lines": [], "excluded_lines": [], "executed_branches": [], "missing_branches": []}, "LeanAnalyzer": {"executed_lines": [44, 47, 49, 64, 75, 76, 79, 81, 82, 85, 86, 87, 88, 91, 94, 95, 96, 97, 98, 99, 103, 104, 106, 107, 108, 111, 112, 114, 121, 123, 137, 138, 140, 141, 144, 145, 148, 150, 166, 167, 168, 170, 171, 172, 173, 174, 179, 182, 184, 196, 207, 208, 214, 227, 228, 229, 236, 237, 238, 240, 256, 258, 260, 261, 263, 266], "summary": {"covered_lines": 66, "num_statements": 71, "percent_covered": 92.63157894736842, "percent_covered_display": "93", "missing_lines": 5, "excluded_lines": 0, "num_branches": 24, "num_partial_branches": 2, "covered_branches": 22, "missing_branches": 2}, "missing_lines": [175, 176, 215, 216, 264], "excluded_lines": [], "executed_branches": [[79, 81], [79, 123], [87, 88], [87, 91], [95, 96], [95, 103], [97, 95], [97, 98], [106, 107], [137, 138], [137, 140], [144, 145], [144, 148], [170, 171], [170, 179], [228, 229], [228, 236], [258, 260], [258, 266], [260, 261], [260, 263], [263, 258]], "missing_branches": [[106, 79], [263, 264]]}, "": {"executed_lines": [1, 3, 4, 5, 6, 9, 10, 11, 13, 14, 15, 16, 17, 18, 20, 25, 26, 27, 29, 30, 31, 32, 35, 36, 38, 66, 125, 157, 194, 198, 218, 247, 270], "summary": {"covered_lines": 29, "num_statements": 31, "percent_covered": 93.54838709677419, "percent_covered_display": "94", "missing_lines": 2, "excluded_lines": 0, "num_branches": 0, "num_partial_branches": 0, "covered_branches": 0, "missing_branches": 0}, "missing_lines": [279, 280], "excluded_lines": [], "executed_branches": [], "missing_branches": []}}}, "src/simpulse/cli.py": {"executed_lines": [1, 3, 5, 6, 7, 9, 10, 11, 12, 13, 14, 16, 19, 20, 21, 25, 26, 27, 28, 70, 71, 72, 73, 74, 80, 85, 90, 95, 209, 210, 211, 212, 213, 239, 240, 241, 242, 243, 271, 272, 273, 274, 310, 311, 313, 314, 315, 318, 323], "summary": {"covered_lines": 47, "num_statements": 169, "percent_covered": 22.274881516587676, "percent_covered_display": "22", "missing_lines": 122, "excluded_lines": 2, "num_branches": 42, "num_partial_branches": 0, "covered_branches": 0, "missing_branches": 42}, "missing_lines": [30, 32, 33, 35, 36, 39, 40, 41, 42, 44, 45, 50, 55, 61, 63, 64, 65, 67, 105, 108, 109, 110, 112, 113, 115, 117, 118, 120, 123, 124, 125, 127, 129, 131, 133, 138, 147, 148, 149, 150, 151, 154, 158, 160, 161, 162, 167, 168, 169, 170, 174, 175, 176, 177, 178, 180, 181, 183, 184, 187, 188, 189, 190, 193, 194, 195, 198, 201, 202, 204, 205, 206, 215, 217, 219, 221, 222, 224, 225, 226, 227, 228, 233, 234, 235, 236, 245, 247, 250, 251, 254, 255, 256, 257, 260, 261, 263, 264, 266, 267, 268, 276, 278, 280, 282, 285, 287, 288, 289, 290, 291, 294, 295, 296, 297, 298, 300, 302, 303, 304, 307, 320], "excluded_lines": [323, 324], "executed_branches": [], "missing_branches": [[35, 36], [35, 39], [63, 64], [63, 67], [108, 109], [108, 117], [117, 118], [117, 120], [124, 125], [124, 127], [131, 133], [131, 158], [147, 148], [147, 160], [150, 151], [150, 160], [167, 168], [167, 176], [169, 170], [169, 174], [176, 177], [176, 187], [177, 178], [177, 183], [188, 189], [188, 193], [189, 190], [189, 198], [193, 194], [193, 198], [194, 195], [194, 198], [201, -70], [201, 202], [219, 221], [219, 233], [263, 264], [263, 266], [266, -239], [266, 267], [278, 280], [278, 307]], "functions": {"cli": {"executed_lines": [], "summary": {"covered_lines": 0, "num_statements": 0, "percent_covered": 100.0, "percent_covered_display": "100", "missing_lines": 0, "excluded_lines": 0, "num_branches": 0, "num_partial_branches": 0, "covered_branches": 0, "missing_branches": 0}, "missing_lines": [], "excluded_lines": [], "executed_branches": [], "missing_branches": []}, "check": {"executed_lines": [], "summary": {"covered_lines": 0, "num_statements": 18, "percent_covered": 0.0, "percent_covered_display": "0", "missing_lines": 18, "excluded_lines": 0, "num_branches": 4, "num_partial_branches": 0, "covered_branches": 0, "missing_branches": 4}, "missing_lines": [30, 32, 33, 35, 36, 39, 40, 41, 42, 44, 45, 50, 55, 61, 63, 64, 65, 67], "excluded_lines": [], "executed_branches": [], "missing_branches": [[35, 36], [35, 39], [63, 64], [63, 67]]}, "optimize": {"executed_lines": [], "summary": {"covered_lines": 0, "num_statements": 54, "percent_covered": 0.0, "percent_covered_display": "0", "missing_lines": 54, "excluded_lines": 0, "num_branches": 30, "num_partial_branches": 0, "covered_branches": 0, "missing_branches": 30}, "missing_lines": [105, 108, 109, 110, 112, 113, 115, 117, 118, 120, 123, 124, 125, 127, 129, 131, 133, 138, 147, 148, 149, 150, 151, 154, 158, 160, 161, 162, 167, 168, 169, 170, 174, 175, 176, 177, 178, 180, 181, 183, 184, 187, 188, 189, 190, 193, 194, 195, 198, 201, 202, 204, 205, 206], "excluded_lines": [], "executed_branches": [], "missing_branches": [[108, 109], [108, 117], [117, 118], [117, 120], [124, 125], [124, 127], [131, 133], [131, 158], [147, 148], [147, 160], [150, 151], [150, 160], [167, 168], [167, 176], [169, 170], [169, 174], [176, 177], [176, 187], [177, 178], [177, 183], [188, 189], [188, 193], [189, 190], [189, 198], [193, 194], [193, 198], [194, 195], [194, 198], [201, -70], [201, 202]]}, "benchmark": {"executed_lines": [], "summary": {"covered_lines": 0, "num_statements": 14, "percent_covered": 0.0, "percent_covered_display": "0", "missing_lines": 14, "excluded_lines": 0, "num_branches": 2, "num_partial_branches": 0, "covered_branches": 0, "missing_branches": 2}, "missing_lines": [215, 217, 219, 221, 222, 224, 225, 226, 227, 228, 233, 234, 235, 236], "excluded_lines": [], "executed_branches": [], "missing_branches": [[219, 221], [219, 233]]}, "profile": {"executed_lines": [], "summary": {"covered_lines": 0, "num_statements": 15, "percent_covered": 0.0, "percent_covered_display": "0", "missing_lines": 15, "excluded_lines": 0, "num_branches": 4, "num_partial_branches": 0, "covered_branches": 0, "missing_branches": 4}, "missing_lines": [245, 247, 250, 251, 254, 255, 256, 257, 260, 261, 263, 264, 266, 267, 268], "excluded_lines": [], "executed_branches": [], "missing_branches": [[263, 264], [263, 266], [266, -239], [266, 267]]}, "perf_test": {"executed_lines": [], "summary": {"covered_lines": 0, "num_statements": 20, "percent_covered": 0.0, "percent_covered_display": "0", "missing_lines": 20, "excluded_lines": 0, "num_branches": 2, "num_partial_branches": 0, "covered_branches": 0, "missing_branches": 2}, "missing_lines": [276, 278, 280, 282, 285, 287, 288, 289, 290, 291, 294, 295, 296, 297, 298, 300, 302, 303, 304, 307], "excluded_lines": [], "executed_branches": [], "missing_branches": [[278, 280], [278, 307]]}, "version": {"executed_lines": [313, 314, 315], "summary": {"covered_lines": 3, "num_statements": 3, "percent_covered": 100.0, "percent_covered_display": "100", "missing_lines": 0, "excluded_lines": 0, "num_branches": 0, "num_partial_branches": 0, "covered_branches": 0, "missing_branches": 0}, "missing_lines": [], "excluded_lines": [], "executed_branches": [], "missing_branches": []}, "main": {"executed_lines": [], "summary": {"covered_lines": 0, "num_statements": 1, "percent_covered": 0.0, "percent_covered_display": "0", "missing_lines": 1, "excluded_lines": 0, "num_branches": 0, "num_partial_branches": 0, "covered_branches": 0, "missing_branches": 0}, "missing_lines": [320], "excluded_lines": [], "executed_branches": [], "missing_branches": []}, "": {"executed_lines": [1, 3, 5, 6, 7, 9, 10, 11, 12, 13, 14, 16, 19, 20, 21, 25, 26, 27, 28, 70, 71, 72, 73, 74, 80, 85, 90, 95, 209, 210, 211, 212, 213, 239, 240, 241, 242, 243, 271, 272, 273, 274, 310, 311, 318, 323], "summary": {"covered_lines": 44, "num_statements": 44, "percent_covered": 100.0, "percent_covered_display": "100", "missing_lines": 0, "excluded_lines": 2, "num_branches": 0, "num_partial_branches": 0, "covered_branches": 0, "missing_branches": 0}, "missing_lines": [], "excluded_lines": [323, 324], "executed_branches": [], "missing_branches": []}}, "classes": {"": {"executed_lines": [1, 3, 5, 6, 7, 9, 10, 11, 12, 13, 14, 16, 19, 20, 21, 25, 26, 27, 28, 70, 71, 72, 73, 74, 80, 85, 90, 95, 209, 210, 211, 212, 213, 239, 240, 241, 242, 243, 271, 272, 273, 274, 310, 311, 313, 314, 315, 318, 323], "summary": {"covered_lines": 47, "num_statements": 169, "percent_covered": 22.274881516587676, "percent_covered_display": "22", "missing_lines": 122, "excluded_lines": 2, "num_branches": 42, "num_partial_branches": 0, "covered_branches": 0, "missing_branches": 42}, "missing_lines": [30, 32, 33, 35, 36, 39, 40, 41, 42, 44, 45, 50, 55, 61, 63, 64, 65, 67, 105, 108, 109, 110, 112, 113, 115, 117, 118, 120, 123, 124, 125, 127, 129, 131, 133, 138, 147, 148, 149, 150, 151, 154, 158, 160, 161, 162, 167, 168, 169, 170, 174, 175, 176, 177, 178, 180, 181, 183, 184, 187, 188, 189, 190, 193, 194, 195, 198, 201, 202, 204, 205, 206, 215, 217, 219, 221, 222, 224, 225, 226, 227, 228, 233, 234, 235, 236, 245, 247, 250, 251, 254, 255, 256, 257, 260, 261, 263, 264, 266, 267, 268, 276, 278, 280, 282, 285, 287, 288, 289, 290, 291, 294, 295, 296, 297, 298, 300, 302, 303, 304, 307, 320], "excluded_lines": [323, 324], "executed_branches": [], "missing_branches": [[35, 36], [35, 39], [63, 64], [63, 67], [108, 109], [108, 117], [117, 118], [117, 120], [124, 125], [124, 127], [131, 133], [131, 158], [147, 148], [147, 160], [150, 151], [150, 160], [167, 168], [167, 176], [169, 170], [169, 174], [176, 177], [176, 187], [177, 178], [177, 183], [188, 189], [188, 193], [189, 190], [189, 198], [193, 194], [193, 198], [194, 195], [194, 198], [201, -70], [201, 202], [219, 221], [219, 233], [263, 264], [263, 266], [266, -239], [266, 267], [278, 280], [278, 307]]}}}, "src/simpulse/core/__init__.py": {"executed_lines": [1], "summary": {"covered_lines": 0, "num_statements": 0, "percent_covered": 100.0, "percent_covered_display": "100", "missing_lines": 0, "excluded_lines": 0, "num_branches": 0, "num_partial_branches": 0, "covered_branches": 0, "missing_branches": 0}, "missing_lines": [], "excluded_lines": [], "executed_branches": [], "missing_branches": [], "functions": {"": {"executed_lines": [1], "summary": {"covered_lines": 0, "num_statements": 0, "percent_covered": 100.0, "percent_covered_display": "100", "missing_lines": 0, "excluded_lines": 0, "num_branches": 0, "num_partial_branches": 0, "covered_branches": 0, "missing_branches": 0}, "missing_lines": [], "excluded_lines": [], "executed_branches": [], "missing_branches": []}}, "classes": {"": {"executed_lines": [1], "summary": {"covered_lines": 0, "num_statements": 0, "percent_covered": 100.0, "percent_covered_display": "100", "missing_lines": 0, "excluded_lines": 0, "num_branches": 0, "num_partial_branches": 0, "covered_branches": 0, "missing_branches": 0}, "missing_lines": [], "excluded_lines": [], "executed_branches": [], "missing_branches": []}}}, "src/simpulse/core/comprehensive_monitor.py": {"executed_lines": [1, 8, 9, 10, 11, 12, 13, 14, 15, 16, 17, 19, 20, 22, 26, 29, 30, 32, 33, 34, 35, 38, 39, 41, 42, 43, 44, 47, 48, 49, 51, 52, 53, 54, 55, 56, 59, 60, 61, 63, 64, 65, 66, 67, 68, 69, 72, 73, 74, 76, 77, 78, 79, 80, 81, 82, 83, 86, 87, 89, 96, 97, 98, 99, 102, 103, 106, 107, 108, 109, 112, 113, 114, 117, 120, 129, 141, 142, 145, 148, 150, 152, 153, 154, 157, 173, 189, 203, 206, 209, 213, 218, 221, 222, 229, 236, 243, 253, 255, 256, 258, 260, 269, 270, 272, 282, 285, 286, 287, 288, 289, 290, 292, 296, 299, 301, 309, 312, 313, 314, 315, 316, 318, 319, 321, 324, 327, 329, 330, 333, 336, 338, 346, 350, 351, 353, 357, 361, 364, 367, 376, 377, 380, 383, 390, 397, 399, 401, 403, 404, 405, 406, 407, 410, 412, 414, 416, 429, 430, 431, 432, 437, 439, 440, 443, 444, 449, 450, 451, 453, 463, 464, 465, 471, 473, 475, 477, 485, 486, 487, 496, 497, 498, 499, 505, 507, 511, 512, 531, 532, 534, 535, 541, 565, 567, 568, 571, 572, 574, 575, 576, 578, 580, 584, 618, 627, 629, 632, 634, 635, 638, 668, 669, 671, 674, 675, 676, 685, 695, 698, 699, 705, 714, 721, 729, 731, 732, 733, 734, 745, 749, 751, 752, 753, 754, 764, 768, 777, 778, 779, 780, 790, 794, 796, 797, 798, 799, 803, 807, 833], "summary": {"covered_lines": 243, "num_statements": 334, "percent_covered": 68.07511737089202, "percent_covered_display": "68", "missing_lines": 91, "excluded_lines": 0, "num_branches": 92, "num_partial_branches": 25, "covered_branches": 47, "missing_branches": 45}, "missing_lines": [23, 24, 215, 216, 245, 246, 248, 249, 250, 251, 257, 293, 355, 365, 384, 385, 386, 387, 445, 446, 537, 538, 539, 543, 544, 545, 548, 551, 552, 553, 556, 557, 559, 561, 562, 563, 569, 581, 587, 590, 594, 603, 607, 622, 623, 624, 625, 630, 646, 647, 650, 655, 656, 659, 660, 661, 664, 679, 680, 686, 687, 690, 691, 706, 715, 722, 746, 747, 765, 766, 791, 792, 804, 805, 809, 811, 812, 813, 816, 819, 824, 826, 828, 829, 837, 840, 841, 842, 849, 851, 853], "excluded_lines": [], "executed_branches": [[221, 222], [256, 258], [285, 286], [285, 287], [287, 288], [287, 289], [289, 290], [292, 296], [318, 319], [318, 321], [329, 330], [329, 333], [364, 367], [383, 390], [403, 404], [405, 406], [430, 431], [430, 443], [431, 432], [439, 440], [443, 444], [449, 450], [463, 464], [463, 471], [464, 465], [485, 486], [485, 496], [486, 487], [496, 497], [496, 505], [498, 499], [567, -565], [567, 568], [568, 571], [571, 572], [578, 580], [580, 584], [629, 632], [674, 675], [674, 685], [675, 676], [685, -671], [698, 699], [698, 705], [705, 714], [714, 721], [721, -695]], "missing_branches": [[221, 236], [245, 246], [245, 248], [256, 257], [289, 296], [292, 293], [364, 365], [383, 384], [403, -399], [405, -399], [431, 430], [439, 430], [443, 445], [445, 446], [445, 449], [449, 463], [464, 463], [486, 485], [498, 496], [543, -541], [543, 544], [551, 552], [551, 556], [556, 557], [556, 559], [568, 569], [571, 567], [578, 587], [580, 581], [590, 594], [590, 603], [603, 607], [603, 618], [629, 630], [675, 679], [679, -671], [679, 680], [685, 686], [686, 687], [686, 690], [690, -671], [690, 691], [705, 706], [714, 715], [721, 722]], "functions": {"ComprehensiveMonitor.__init__": {"executed_lines": [96, 97, 98, 99, 102, 103, 106, 107, 108, 109, 112, 113, 114, 117, 120, 129, 141, 142, 145, 148], "summary": {"covered_lines": 20, "num_statements": 20, "percent_covered": 100.0, "percent_covered_display": "100", "missing_lines": 0, "excluded_lines": 0, "num_branches": 0, "num_partial_branches": 0, "covered_branches": 0, "missing_branches": 0}, "missing_lines": [], "excluded_lines": [], "executed_branches": [], "missing_branches": []}, "ComprehensiveMonitor._init_database": {"executed_lines": [152, 153, 154, 157, 173, 189, 203, 206, 209, 213], "summary": {"covered_lines": 10, "num_statements": 12, "percent_covered": 83.33333333333333, "percent_covered_display": "83", "missing_lines": 2, "excluded_lines": 0, "num_branches": 0, "num_partial_branches": 0, "covered_branches": 0, "missing_branches": 0}, "missing_lines": [215, 216], "excluded_lines": [], "executed_branches": [], "missing_branches": []}, "ComprehensiveMonitor._setup_default_health_checks": {"executed_lines": [221, 222, 229, 236], "summary": {"covered_lines": 4, "num_statements": 4, "percent_covered": 83.33333333333333, "percent_covered_display": "83", "missing_lines": 0, "excluded_lines": 0, "num_branches": 2, "num_partial_branches": 1, "covered_branches": 1, "missing_branches": 1}, "missing_lines": [], "excluded_lines": [], "executed_branches": [[221, 222]], "missing_branches": [[221, 236]]}, "ComprehensiveMonitor.start_monitoring": {"executed_lines": [], "summary": {"covered_lines": 0, "num_statements": 6, "percent_covered": 0.0, "percent_covered_display": "0", "missing_lines": 6, "excluded_lines": 0, "num_branches": 2, "num_partial_branches": 0, "covered_branches": 0, "missing_branches": 2}, "missing_lines": [245, 246, 248, 249, 250, 251], "excluded_lines": [], "executed_branches": [], "missing_branches": [[245, 246], [245, 248]]}, "ComprehensiveMonitor.stop_monitoring": {"executed_lines": [255, 256, 258], "summary": {"covered_lines": 3, "num_statements": 4, "percent_covered": 66.66666666666667, "percent_covered_display": "67", "missing_lines": 1, "excluded_lines": 0, "num_branches": 2, "num_partial_branches": 1, "covered_branches": 1, "missing_branches": 1}, "missing_lines": [257], "excluded_lines": [], "executed_branches": [[256, 258]], "missing_branches": [[256, 257]]}, "ComprehensiveMonitor.record_metric": {"executed_lines": [269, 270, 272, 282, 285, 286, 287, 288, 289, 290, 292, 296, 299], "summary": {"covered_lines": 13, "num_statements": 14, "percent_covered": 86.36363636363636, "percent_covered_display": "86", "missing_lines": 1, "excluded_lines": 0, "num_branches": 8, "num_partial_branches": 2, "covered_branches": 6, "missing_branches": 2}, "missing_lines": [293], "excluded_lines": [], "executed_branches": [[285, 286], [285, 287], [287, 288], [287, 289], [289, 290], [292, 296]], "missing_branches": [[289, 296], [292, 293]]}, "ComprehensiveMonitor.record_operation": {"executed_lines": [309, 312, 313, 314, 315, 316, 318, 319, 321, 324, 327, 329, 330, 333, 336], "summary": {"covered_lines": 15, "num_statements": 15, "percent_covered": 100.0, "percent_covered_display": "100", "missing_lines": 0, "excluded_lines": 0, "num_branches": 4, "num_partial_branches": 0, "covered_branches": 4, "missing_branches": 0}, "missing_lines": [], "excluded_lines": [], "executed_branches": [[318, 319], [318, 321], [329, 330], [329, 333]], "missing_branches": []}, "ComprehensiveMonitor.register_health_check": {"executed_lines": [346, 350, 351], "summary": {"covered_lines": 3, "num_statements": 3, "percent_covered": 100.0, "percent_covered_display": "100", "missing_lines": 0, "excluded_lines": 0, "num_branches": 0, "num_partial_branches": 0, "covered_branches": 0, "missing_branches": 0}, "missing_lines": [], "excluded_lines": [], "executed_branches": [], "missing_branches": []}, "ComprehensiveMonitor.register_alert_callback": {"executed_lines": [], "summary": {"covered_lines": 0, "num_statements": 1, "percent_covered": 0.0, "percent_covered_display": "0", "missing_lines": 1, "excluded_lines": 0, "num_branches": 0, "num_partial_branches": 0, "covered_branches": 0, "missing_branches": 0}, "missing_lines": [355], "excluded_lines": [], "executed_branches": [], "missing_branches": []}, "ComprehensiveMonitor.create_alert": {"executed_lines": [361, 364, 367, 376, 377, 380, 383, 390, 397], "summary": {"covered_lines": 9, "num_statements": 14, "percent_covered": 61.111111111111114, "percent_covered_display": "61", "missing_lines": 5, "excluded_lines": 0, "num_branches": 4, "num_partial_branches": 2, "covered_branches": 2, "missing_branches": 2}, "missing_lines": [365, 384, 385, 386, 387], "excluded_lines": [], "executed_branches": [[364, 367], [383, 390]], "missing_branches": [[364, 365], [383, 384]]}, "ComprehensiveMonitor.resolve_alert": {"executed_lines": [401, 403, 404, 405, 406, 407, 410, 412], "summary": {"covered_lines": 8, "num_statements": 8, "percent_covered": 83.33333333333333, "percent_covered_display": "83", "missing_lines": 0, "excluded_lines": 0, "num_branches": 4, "num_partial_branches": 2, "covered_branches": 2, "missing_branches": 2}, "missing_lines": [], "excluded_lines": [], "executed_branches": [[403, 404], [405, 406]], "missing_branches": [[403, -399], [405, -399]]}, "ComprehensiveMonitor.get_system_health": {"executed_lines": [416, 429, 430, 431, 432, 437, 439, 440, 443, 444, 449, 450, 451, 453, 463, 464, 465, 471], "summary": {"covered_lines": 18, "num_statements": 20, "percent_covered": 75.0, "percent_covered_display": "75", "missing_lines": 2, "excluded_lines": 0, "num_branches": 16, "num_partial_branches": 5, "covered_branches": 9, "missing_branches": 7}, "missing_lines": [445, 446], "excluded_lines": [], "executed_branches": [[430, 431], [430, 443], [431, 432], [439, 440], [443, 444], [449, 450], [463, 464], [463, 471], [464, 465]], "missing_branches": [[431, 430], [439, 430], [443, 445], [445, 446], [445, 449], [449, 463], [464, 463]]}, "ComprehensiveMonitor.get_metrics_summary": {"executed_lines": [475, 477, 485, 486, 487, 496, 497, 498, 499, 505], "summary": {"covered_lines": 10, "num_statements": 10, "percent_covered": 88.88888888888889, "percent_covered_display": "89", "missing_lines": 0, "excluded_lines": 0, "num_branches": 8, "num_partial_branches": 2, "covered_branches": 6, "missing_branches": 2}, "missing_lines": [], "excluded_lines": [], "executed_branches": [[485, 486], [485, 496], [486, 487], [496, 497], [496, 505], [498, 499]], "missing_branches": [[486, 485], [498, 496]]}, "ComprehensiveMonitor.export_monitoring_data": {"executed_lines": [511, 512, 531, 532, 534, 535], "summary": {"covered_lines": 6, "num_statements": 9, "percent_covered": 66.66666666666667, "percent_covered_display": "67", "missing_lines": 3, "excluded_lines": 0, "num_branches": 0, "num_partial_branches": 0, "covered_branches": 0, "missing_branches": 0}, "missing_lines": [537, 538, 539], "excluded_lines": [], "executed_branches": [], "missing_branches": []}, "ComprehensiveMonitor._monitoring_loop": {"executed_lines": [], "summary": {"covered_lines": 0, "num_statements": 13, "percent_covered": 0.0, "percent_covered_display": "0", "missing_lines": 13, "excluded_lines": 0, "num_branches": 6, "num_partial_branches": 0, "covered_branches": 0, "missing_branches": 6}, "missing_lines": [543, 544, 545, 548, 551, 552, 553, 556, 557, 559, 561, 562, 563], "excluded_lines": [], "executed_branches": [], "missing_branches": [[543, -541], [543, 544], [551, 552], [551, 556], [556, 557], [556, 559]]}, "ComprehensiveMonitor._run_health_checks": {"executed_lines": [567, 568, 571, 572, 574, 575, 576, 578, 580, 584, 618], "summary": {"covered_lines": 11, "num_statements": 22, "percent_covered": 47.22222222222222, "percent_covered_display": "47", "missing_lines": 11, "excluded_lines": 0, "num_branches": 14, "num_partial_branches": 4, "covered_branches": 6, "missing_branches": 8}, "missing_lines": [569, 581, 587, 590, 594, 603, 607, 622, 623, 624, 625], "excluded_lines": [], "executed_branches": [[567, -565], [567, 568], [568, 571], [571, 572], [578, 580], [580, 584]], "missing_branches": [[568, 569], [571, 567], [578, 587], [580, 581], [590, 594], [590, 603], [603, 607], [603, 618]]}, "ComprehensiveMonitor._collect_system_metrics": {"executed_lines": [629, 632, 634, 635, 638, 668, 669], "summary": {"covered_lines": 7, "num_statements": 17, "percent_covered": 42.10526315789474, "percent_covered_display": "42", "missing_lines": 10, "excluded_lines": 0, "num_branches": 2, "num_partial_branches": 1, "covered_branches": 1, "missing_branches": 1}, "missing_lines": [630, 646, 647, 650, 655, 656, 659, 660, 661, 664], "excluded_lines": [], "executed_branches": [[629, 632]], "missing_branches": [[629, 630]]}, "ComprehensiveMonitor._check_metric_alerts": {"executed_lines": [674, 675, 676, 685], "summary": {"covered_lines": 4, "num_statements": 10, "percent_covered": 36.36363636363637, "percent_covered_display": "36", "missing_lines": 6, "excluded_lines": 0, "num_branches": 12, "num_partial_branches": 2, "covered_branches": 4, "missing_branches": 8}, "missing_lines": [679, 680, 686, 687, 690, 691], "excluded_lines": [], "executed_branches": [[674, 675], [674, 685], [675, 676], [685, -671]], "missing_branches": [[675, 679], [679, -671], [679, 680], [685, 686], [686, 687], [686, 690], [690, -671], [690, 691]]}, "ComprehensiveMonitor._check_performance_alerts": {"executed_lines": [698, 699, 705, 714, 721], "summary": {"covered_lines": 5, "num_statements": 8, "percent_covered": 62.5, "percent_covered_display": "62", "missing_lines": 3, "excluded_lines": 0, "num_branches": 8, "num_partial_branches": 3, "covered_branches": 5, "missing_branches": 3}, "missing_lines": [706, 715, 722], "excluded_lines": [], "executed_branches": [[698, 699], [698, 705], [705, 714], [714, 721], [721, -695]], "missing_branches": [[705, 706], [714, 715], [721, 722]]}, "ComprehensiveMonitor._store_metric_to_db": {"executed_lines": [731, 732, 733, 734, 745], "summary": {"covered_lines": 5, "num_statements": 7, "percent_covered": 71.42857142857143, "percent_covered_display": "71", "missing_lines": 2, "excluded_lines": 0, "num_branches": 0, "num_partial_branches": 0, "covered_branches": 0, "missing_branches": 0}, "missing_lines": [746, 747], "excluded_lines": [], "executed_branches": [], "missing_branches": []}, "ComprehensiveMonitor._store_alert_to_db": {"executed_lines": [751, 752, 753, 754, 764], "summary": {"covered_lines": 5, "num_statements": 7, "percent_covered": 71.42857142857143, "percent_covered_display": "71", "missing_lines": 2, "excluded_lines": 0, "num_branches": 0, "num_partial_branches": 0, "covered_branches": 0, "missing_branches": 0}, "missing_lines": [765, 766], "excluded_lines": [], "executed_branches": [], "missing_branches": []}, "ComprehensiveMonitor._store_performance_to_db": {"executed_lines": [777, 778, 779, 780, 790], "summary": {"covered_lines": 5, "num_statements": 7, "percent_covered": 71.42857142857143, "percent_covered_display": "71", "missing_lines": 2, "excluded_lines": 0, "num_branches": 0, "num_partial_branches": 0, "covered_branches": 0, "missing_branches": 0}, "missing_lines": [791, 792], "excluded_lines": [], "executed_branches": [], "missing_branches": []}, "ComprehensiveMonitor._update_alert_resolution": {"executed_lines": [796, 797, 798, 799, 803], "summary": {"covered_lines": 5, "num_statements": 7, "percent_covered": 71.42857142857143, "percent_covered_display": "71", "missing_lines": 2, "excluded_lines": 0, "num_branches": 0, "num_partial_branches": 0, "covered_branches": 0, "missing_branches": 0}, "missing_lines": [804, 805], "excluded_lines": [], "executed_branches": [], "missing_branches": []}, "ComprehensiveMonitor._cleanup_old_data": {"executed_lines": [], "summary": {"covered_lines": 0, "num_statements": 10, "percent_covered": 0.0, "percent_covered_display": "0", "missing_lines": 10, "excluded_lines": 0, "num_branches": 0, "num_partial_branches": 0, "covered_branches": 0, "missing_branches": 0}, "missing_lines": [809, 811, 812, 813, 816, 819, 824, 826, 828, 829], "excluded_lines": [], "executed_branches": [], "missing_branches": []}, "create_default_monitor": {"executed_lines": [], "summary": {"covered_lines": 0, "num_statements": 4, "percent_covered": 0.0, "percent_covered_display": "0", "missing_lines": 4, "excluded_lines": 0, "num_branches": 0, "num_partial_branches": 0, "covered_branches": 0, "missing_branches": 0}, "missing_lines": [837, 840, 851, 853], "excluded_lines": [], "executed_branches": [], "missing_branches": []}, "create_default_monitor.log_alert": {"executed_lines": [], "summary": {"covered_lines": 0, "num_statements": 3, "percent_covered": 0.0, "percent_covered_display": "0", "missing_lines": 3, "excluded_lines": 0, "num_branches": 0, "num_partial_branches": 0, "covered_branches": 0, "missing_branches": 0}, "missing_lines": [841, 842, 849], "excluded_lines": [], "executed_branches": [], "missing_branches": []}, "": {"executed_lines": [1, 8, 9, 10, 11, 12, 13, 14, 15, 16, 17, 19, 20, 22, 26, 29, 30, 32, 33, 34, 35, 38, 39, 41, 42, 43, 44, 47, 48, 49, 51, 52, 53, 54, 55, 56, 59, 60, 61, 63, 64, 65, 66, 67, 68, 69, 72, 73, 74, 76, 77, 78, 79, 80, 81, 82, 83, 86, 87, 89, 150, 218, 243, 253, 260, 301, 338, 353, 357, 399, 414, 473, 507, 541, 565, 627, 671, 695, 729, 749, 768, 794, 807, 833], "summary": {"covered_lines": 77, "num_statements": 79, "percent_covered": 97.46835443037975, "percent_covered_display": "97", "missing_lines": 2, "excluded_lines": 0, "num_branches": 0, "num_partial_branches": 0, "covered_branches": 0, "missing_branches": 0}, "missing_lines": [23, 24], "excluded_lines": [], "executed_branches": [], "missing_branches": []}}, "classes": {"AlertLevel": {"executed_lines": [], "summary": {"covered_lines": 0, "num_statements": 0, "percent_covered": 100.0, "percent_covered_display": "100", "missing_lines": 0, "excluded_lines": 0, "num_branches": 0, "num_partial_branches": 0, "covered_branches": 0, "missing_branches": 0}, "missing_lines": [], "excluded_lines": [], "executed_branches": [], "missing_branches": []}, "MetricType": {"executed_lines": [], "summary": {"covered_lines": 0, "num_statements": 0, "percent_covered": 100.0, "percent_covered_display": "100", "missing_lines": 0, "excluded_lines": 0, "num_branches": 0, "num_partial_branches": 0, "covered_branches": 0, "missing_branches": 0}, "missing_lines": [], "excluded_lines": [], "executed_branches": [], "missing_branches": []}, "Metric": {"executed_lines": [], "summary": {"covered_lines": 0, "num_statements": 0, "percent_covered": 100.0, "percent_covered_display": "100", "missing_lines": 0, "excluded_lines": 0, "num_branches": 0, "num_partial_branches": 0, "covered_branches": 0, "missing_branches": 0}, "missing_lines": [], "excluded_lines": [], "executed_branches": [], "missing_branches": []}, "Alert": {"executed_lines": [], "summary": {"covered_lines": 0, "num_statements": 0, "percent_covered": 100.0, "percent_covered_display": "100", "missing_lines": 0, "excluded_lines": 0, "num_branches": 0, "num_partial_branches": 0, "covered_branches": 0, "missing_branches": 0}, "missing_lines": [], "excluded_lines": [], "executed_branches": [], "missing_branches": []}, "HealthCheck": {"executed_lines": [], "summary": {"covered_lines": 0, "num_statements": 0, "percent_covered": 100.0, "percent_covered_display": "100", "missing_lines": 0, "excluded_lines": 0, "num_branches": 0, "num_partial_branches": 0, "covered_branches": 0, "missing_branches": 0}, "missing_lines": [], "excluded_lines": [], "executed_branches": [], "missing_branches": []}, "ComprehensiveMonitor": {"executed_lines": [96, 97, 98, 99, 102, 103, 106, 107, 108, 109, 112, 113, 114, 117, 120, 129, 141, 142, 145, 148, 152, 153, 154, 157, 173, 189, 203, 206, 209, 213, 221, 222, 229, 236, 255, 256, 258, 269, 270, 272, 282, 285, 286, 287, 288, 289, 290, 292, 296, 299, 309, 312, 313, 314, 315, 316, 318, 319, 321, 324, 327, 329, 330, 333, 336, 346, 350, 351, 361, 364, 367, 376, 377, 380, 383, 390, 397, 401, 403, 404, 405, 406, 407, 410, 412, 416, 429, 430, 431, 432, 437, 439, 440, 443, 444, 449, 450, 451, 453, 463, 464, 465, 471, 475, 477, 485, 486, 487, 496, 497, 498, 499, 505, 511, 512, 531, 532, 534, 535, 567, 568, 571, 572, 574, 575, 576, 578, 580, 584, 618, 629, 632, 634, 635, 638, 668, 669, 674, 675, 676, 685, 698, 699, 705, 714, 721, 731, 732, 733, 734, 745, 751, 752, 753, 754, 764, 777, 778, 779, 780, 790, 796, 797, 798, 799, 803], "summary": {"covered_lines": 166, "num_statements": 248, "percent_covered": 62.64705882352941, "percent_covered_display": "63", "missing_lines": 82, "excluded_lines": 0, "num_branches": 92, "num_partial_branches": 25, "covered_branches": 47, "missing_branches": 45}, "missing_lines": [215, 216, 245, 246, 248, 249, 250, 251, 257, 293, 355, 365, 384, 385, 386, 387, 445, 446, 537, 538, 539, 543, 544, 545, 548, 551, 552, 553, 556, 557, 559, 561, 562, 563, 569, 581, 587, 590, 594, 603, 607, 622, 623, 624, 625, 630, 646, 647, 650, 655, 656, 659, 660, 661, 664, 679, 680, 686, 687, 690, 691, 706, 715, 722, 746, 747, 765, 766, 791, 792, 804, 805, 809, 811, 812, 813, 816, 819, 824, 826, 828, 829], "excluded_lines": [], "executed_branches": [[221, 222], [256, 258], [285, 286], [285, 287], [287, 288], [287, 289], [289, 290], [292, 296], [318, 319], [318, 321], [329, 330], [329, 333], [364, 367], [383, 390], [403, 404], [405, 406], [430, 431], [430, 443], [431, 432], [439, 440], [443, 444], [449, 450], [463, 464], [463, 471], [464, 465], [485, 486], [485, 496], [486, 487], [496, 497], [496, 505], [498, 499], [567, -565], [567, 568], [568, 571], [571, 572], [578, 580], [580, 584], [629, 632], [674, 675], [674, 685], [675, 676], [685, -671], [698, 699], [698, 705], [705, 714], [714, 721], [721, -695]], "missing_branches": [[221, 236], [245, 246], [245, 248], [256, 257], [289, 296], [292, 293], [364, 365], [383, 384], [403, -399], [405, -399], [431, 430], [439, 430], [443, 445], [445, 446], [445, 449], [449, 463], [464, 463], [486, 485], [498, 496], [543, -541], [543, 544], [551, 552], [551, 556], [556, 557], [556, 559], [568, 569], [571, 567], [578, 587], [580, 581], [590, 594], [590, 603], [603, 607], [603, 618], [629, 630], [675, 679], [679, -671], [679, 680], [685, 686], [686, 687], [686, 690], [690, -671], [690, 691], [705, 706], [714, 715], [721, 722]]}, "": {"executed_lines": [1, 8, 9, 10, 11, 12, 13, 14, 15, 16, 17, 19, 20, 22, 26, 29, 30, 32, 33, 34, 35, 38, 39, 41, 42, 43, 44, 47, 48, 49, 51, 52, 53, 54, 55, 56, 59, 60, 61, 63, 64, 65, 66, 67, 68, 69, 72, 73, 74, 76, 77, 78, 79, 80, 81, 82, 83, 86, 87, 89, 150, 218, 243, 253, 260, 301, 338, 353, 357, 399, 414, 473, 507, 541, 565, 627, 671, 695, 729, 749, 768, 794, 807, 833], "summary": {"covered_lines": 77, "num_statements": 86, "percent_covered": 89.53488372093024, "percent_covered_display": "90", "missing_lines": 9, "excluded_lines": 0, "num_branches": 0, "num_partial_branches": 0, "covered_branches": 0, "missing_branches": 0}, "missing_lines": [23, 24, 837, 840, 841, 842, 849, 851, 853], "excluded_lines": [], "executed_branches": [], "missing_branches": []}}}, "src/simpulse/core/error_orchestrator.py": {"executed_lines": [], "summary": {"covered_lines": 0, "num_statements": 217, "percent_covered": 0.0, "percent_covered_display": "0", "missing_lines": 217, "excluded_lines": 0, "num_branches": 72, "num_partial_branches": 0, "covered_branches": 0, "missing_branches": 72}, "missing_lines": [8, 9, 10, 11, 12, 14, 15, 16, 17, 18, 19, 20, 23, 36, 48, 51, 54, 61, 64, 69, 76, 77, 78, 81, 83, 86, 87, 90, 92, 95, 98, 101, 102, 103, 105, 112, 114, 126, 127, 128, 129, 130, 131, 132, 134, 136, 138, 139, 142, 147, 154, 160, 162, 163, 164, 165, 166, 168, 170, 171, 172, 173, 174, 176, 178, 180, 181, 182, 183, 184, 186, 188, 189, 192, 193, 194, 202, 203, 207, 210, 214, 220, 221, 227, 231, 233, 234, 235, 236, 237, 239, 242, 244, 246, 249, 251, 253, 255, 259, 260, 263, 264, 271, 273, 274, 276, 279, 280, 283, 284, 286, 288, 297, 299, 300, 302, 305, 306, 308, 309, 311, 313, 315, 333, 336, 337, 342, 343, 344, 345, 346, 348, 351, 352, 354, 355, 363, 368, 369, 372, 381, 382, 393, 395, 397, 405, 416, 417, 425, 432, 436, 437, 438, 439, 440, 441, 442, 443, 444, 445, 446, 447, 449, 451, 453, 474, 475, 476, 484, 485, 486, 497, 499, 501, 502, 516, 517, 520, 521, 528, 531, 536, 537, 539, 545, 547, 548, 549, 551, 553, 558, 559, 560, 561, 562, 565, 567, 569, 571, 573, 574, 576, 578, 579, 585, 589, 592, 596, 597, 599, 602, 610, 611, 612, 613, 623, 625], "excluded_lines": [], "executed_branches": [], "missing_branches": [[76, 77], [76, 83], [86, 87], [86, 92], [126, 127], [126, 134], [138, 139], [138, 142], [180, 181], [180, 182], [188, 189], [188, 192], [193, -192], [193, 194], [202, -192], [202, 203], [220, -186], [220, 221], [263, -259], [263, 264], [273, 274], [273, 276], [279, 280], [279, 283], [283, 284], [283, 286], [299, 300], [299, 302], [305, 306], [305, 308], [308, 309], [308, 311], [336, 337], [336, 342], [342, 343], [342, 351], [343, 344], [343, 345], [345, 346], [345, 348], [352, 354], [352, 372], [368, 369], [368, 381], [381, 382], [381, 393], [416, 417], [416, 425], [436, 437], [436, 438], [438, 439], [438, 440], [440, 441], [440, 442], [442, 443], [442, 444], [444, 445], [444, 446], [446, 447], [446, 449], [474, 475], [474, 484], [484, 485], [484, 497], [516, 517], [516, 520], [520, 521], [520, 528], [578, 579], [578, 585], [596, 597], [596, 599]], "functions": {"ErrorHandlingOrchestrator.__init__": {"executed_lines": [], "summary": {"covered_lines": 0, "num_statements": 21, "percent_covered": 0.0, "percent_covered_display": "0", "missing_lines": 21, "excluded_lines": 0, "num_branches": 4, "num_partial_branches": 0, "covered_branches": 0, "missing_branches": 4}, "missing_lines": [48, 51, 54, 61, 64, 69, 76, 77, 78, 81, 83, 86, 87, 90, 92, 95, 98, 101, 102, 103, 105], "excluded_lines": [], "executed_branches": [], "missing_branches": [[76, 77], [76, 83], [86, 87], [86, 92]]}, "ErrorHandlingOrchestrator._load_config": {"executed_lines": [], "summary": {"covered_lines": 0, "num_statements": 9, "percent_covered": 0.0, "percent_covered_display": "0", "missing_lines": 9, "excluded_lines": 0, "num_branches": 2, "num_partial_branches": 0, "covered_branches": 0, "missing_branches": 2}, "missing_lines": [114, 126, 127, 128, 129, 130, 131, 132, 134], "excluded_lines": [], "executed_branches": [], "missing_branches": [[126, 127], [126, 134]]}, "ErrorHandlingOrchestrator._setup_memory_cleanup": {"executed_lines": [], "summary": {"covered_lines": 0, "num_statements": 5, "percent_covered": 0.0, "percent_covered_display": "0", "missing_lines": 5, "excluded_lines": 0, "num_branches": 2, "num_partial_branches": 0, "covered_branches": 0, "missing_branches": 2}, "missing_lines": [138, 139, 142, 147, 154], "excluded_lines": [], "executed_branches": [], "missing_branches": [[138, 139], [138, 142]]}, "ErrorHandlingOrchestrator._cleanup_file_cache": {"executed_lines": [], "summary": {"covered_lines": 0, "num_statements": 5, "percent_covered": 0.0, "percent_covered_display": "0", "missing_lines": 5, "excluded_lines": 0, "num_branches": 0, "num_partial_branches": 0, "covered_branches": 0, "missing_branches": 0}, "missing_lines": [162, 163, 164, 165, 166], "excluded_lines": [], "executed_branches": [], "missing_branches": []}, "ErrorHandlingOrchestrator._cleanup_degradation_cache": {"executed_lines": [], "summary": {"covered_lines": 0, "num_statements": 5, "percent_covered": 0.0, "percent_covered_display": "0", "missing_lines": 5, "excluded_lines": 0, "num_branches": 0, "num_partial_branches": 0, "covered_branches": 0, "missing_branches": 0}, "missing_lines": [170, 171, 172, 173, 174], "excluded_lines": [], "executed_branches": [], "missing_branches": []}, "ErrorHandlingOrchestrator._cleanup_error_handler": {"executed_lines": [], "summary": {"covered_lines": 0, "num_statements": 6, "percent_covered": 0.0, "percent_covered_display": "0", "missing_lines": 6, "excluded_lines": 0, "num_branches": 2, "num_partial_branches": 0, "covered_branches": 0, "missing_branches": 2}, "missing_lines": [178, 180, 181, 182, 183, 184], "excluded_lines": [], "executed_branches": [], "missing_branches": [[180, 181], [180, 182]]}, "ErrorHandlingOrchestrator._setup_monitoring_callbacks": {"executed_lines": [], "summary": {"covered_lines": 0, "num_statements": 8, "percent_covered": 0.0, "percent_covered_display": "0", "missing_lines": 8, "excluded_lines": 0, "num_branches": 4, "num_partial_branches": 0, "covered_branches": 0, "missing_branches": 4}, "missing_lines": [188, 189, 192, 207, 210, 214, 220, 221], "excluded_lines": [], "executed_branches": [], "missing_branches": [[188, 189], [188, 192], [220, -186], [220, 221]]}, "ErrorHandlingOrchestrator._setup_monitoring_callbacks.handle_critical_alert": {"executed_lines": [], "summary": {"covered_lines": 0, "num_statements": 4, "percent_covered": 0.0, "percent_covered_display": "0", "missing_lines": 4, "excluded_lines": 0, "num_branches": 4, "num_partial_branches": 0, "covered_branches": 0, "missing_branches": 4}, "missing_lines": [193, 194, 202, 203], "excluded_lines": [], "executed_branches": [], "missing_branches": [[193, -192], [193, 194], [202, -192], [202, 203]]}, "ErrorHandlingOrchestrator._setup_fallback_strategies": {"executed_lines": [], "summary": {"covered_lines": 0, "num_statements": 6, "percent_covered": 0.0, "percent_covered_display": "0", "missing_lines": 6, "excluded_lines": 0, "num_branches": 0, "num_partial_branches": 0, "covered_branches": 0, "missing_branches": 0}, "missing_lines": [231, 239, 242, 246, 249, 253], "excluded_lines": [], "executed_branches": [], "missing_branches": []}, "ErrorHandlingOrchestrator._setup_fallback_strategies.file_read_fallback": {"executed_lines": [], "summary": {"covered_lines": 0, "num_statements": 5, "percent_covered": 0.0, "percent_covered_display": "0", "missing_lines": 5, "excluded_lines": 0, "num_branches": 0, "num_partial_branches": 0, "covered_branches": 0, "missing_branches": 0}, "missing_lines": [233, 234, 235, 236, 237], "excluded_lines": [], "executed_branches": [], "missing_branches": []}, "ErrorHandlingOrchestrator._setup_fallback_strategies.lean_compile_fallback": {"executed_lines": [], "summary": {"covered_lines": 0, "num_statements": 1, "percent_covered": 0.0, "percent_covered_display": "0", "missing_lines": 1, "excluded_lines": 0, "num_branches": 0, "num_partial_branches": 0, "covered_branches": 0, "missing_branches": 0}, "missing_lines": [244], "excluded_lines": [], "executed_branches": [], "missing_branches": []}, "ErrorHandlingOrchestrator._setup_fallback_strategies.optimization_fallback": {"executed_lines": [], "summary": {"covered_lines": 0, "num_statements": 1, "percent_covered": 0.0, "percent_covered_display": "0", "missing_lines": 1, "excluded_lines": 0, "num_branches": 0, "num_partial_branches": 0, "covered_branches": 0, "missing_branches": 0}, "missing_lines": [251], "excluded_lines": [], "executed_branches": [], "missing_branches": []}, "ErrorHandlingOrchestrator._setup_error_callbacks": {"executed_lines": [], "summary": {"covered_lines": 0, "num_statements": 1, "percent_covered": 0.0, "percent_covered_display": "0", "missing_lines": 1, "excluded_lines": 0, "num_branches": 0, "num_partial_branches": 0, "covered_branches": 0, "missing_branches": 0}, "missing_lines": [259], "excluded_lines": [], "executed_branches": [], "missing_branches": []}, "ErrorHandlingOrchestrator._setup_error_callbacks.log_error": {"executed_lines": [], "summary": {"covered_lines": 0, "num_statements": 3, "percent_covered": 0.0, "percent_covered_display": "0", "missing_lines": 3, "excluded_lines": 0, "num_branches": 2, "num_partial_branches": 0, "covered_branches": 0, "missing_branches": 2}, "missing_lines": [260, 263, 264], "excluded_lines": [], "executed_branches": [], "missing_branches": [[263, -259], [263, 264]]}, "ErrorHandlingOrchestrator.start": {"executed_lines": [], "summary": {"covered_lines": 0, "num_statements": 9, "percent_covered": 0.0, "percent_covered_display": "0", "missing_lines": 9, "excluded_lines": 0, "num_branches": 6, "num_partial_branches": 0, "covered_branches": 0, "missing_branches": 6}, "missing_lines": [273, 274, 276, 279, 280, 283, 284, 286, 288], "excluded_lines": [], "executed_branches": [], "missing_branches": [[273, 274], [273, 276], [279, 280], [279, 283], [283, 284], [283, 286]]}, "ErrorHandlingOrchestrator.stop": {"executed_lines": [], "summary": {"covered_lines": 0, "num_statements": 9, "percent_covered": 0.0, "percent_covered_display": "0", "missing_lines": 9, "excluded_lines": 0, "num_branches": 6, "num_partial_branches": 0, "covered_branches": 0, "missing_branches": 6}, "missing_lines": [299, 300, 302, 305, 306, 308, 309, 311, 313], "excluded_lines": [], "executed_branches": [], "missing_branches": [[299, 300], [299, 302], [305, 306], [305, 308], [308, 309], [308, 311]]}, "ErrorHandlingOrchestrator.handle_operation": {"executed_lines": [], "summary": {"covered_lines": 0, "num_statements": 25, "percent_covered": 0.0, "percent_covered_display": "0", "missing_lines": 25, "excluded_lines": 0, "num_branches": 16, "num_partial_branches": 0, "covered_branches": 0, "missing_branches": 16}, "missing_lines": [333, 336, 337, 342, 343, 344, 345, 346, 348, 351, 352, 354, 363, 368, 369, 372, 381, 382, 393, 395, 397, 405, 416, 417, 425], "excluded_lines": [], "executed_branches": [], "missing_branches": [[336, 337], [336, 342], [342, 343], [342, 351], [343, 344], [343, 345], [345, 346], [345, 348], [352, 354], [352, 372], [368, 369], [368, 381], [381, 382], [381, 393], [416, 417], [416, 425]]}, "ErrorHandlingOrchestrator.handle_operation.retry_wrapper": {"executed_lines": [], "summary": {"covered_lines": 0, "num_statements": 1, "percent_covered": 0.0, "percent_covered_display": "0", "missing_lines": 1, "excluded_lines": 0, "num_branches": 0, "num_partial_branches": 0, "covered_branches": 0, "missing_branches": 0}, "missing_lines": [355], "excluded_lines": [], "executed_branches": [], "missing_branches": []}, "ErrorHandlingOrchestrator._categorize_operation_error": {"executed_lines": [], "summary": {"covered_lines": 0, "num_statements": 13, "percent_covered": 0.0, "percent_covered_display": "0", "missing_lines": 13, "excluded_lines": 0, "num_branches": 12, "num_partial_branches": 0, "covered_branches": 0, "missing_branches": 12}, "missing_lines": [436, 437, 438, 439, 440, 441, 442, 443, 444, 445, 446, 447, 449], "excluded_lines": [], "executed_branches": [], "missing_branches": [[436, 437], [436, 438], [438, 439], [438, 440], [440, 441], [440, 442], [442, 443], [442, 444], [444, 445], [444, 446], [446, 447], [446, 449]]}, "ErrorHandlingOrchestrator.get_health_status": {"executed_lines": [], "summary": {"covered_lines": 0, "num_statements": 8, "percent_covered": 0.0, "percent_covered_display": "0", "missing_lines": 8, "excluded_lines": 0, "num_branches": 4, "num_partial_branches": 0, "covered_branches": 0, "missing_branches": 4}, "missing_lines": [453, 474, 475, 476, 484, 485, 486, 497], "excluded_lines": [], "executed_branches": [], "missing_branches": [[474, 475], [474, 484], [484, 485], [484, 497]]}, "ErrorHandlingOrchestrator.export_comprehensive_report": {"executed_lines": [], "summary": {"covered_lines": 0, "num_statements": 15, "percent_covered": 0.0, "percent_covered_display": "0", "missing_lines": 15, "excluded_lines": 0, "num_branches": 4, "num_partial_branches": 0, "covered_branches": 0, "missing_branches": 4}, "missing_lines": [501, 502, 516, 517, 520, 521, 528, 531, 536, 537, 539, 545, 547, 548, 549], "excluded_lines": [], "executed_branches": [], "missing_branches": [[516, 517], [516, 520], [520, 521], [520, 528]]}, "ErrorHandlingOrchestrator.emergency_shutdown": {"executed_lines": [], "summary": {"covered_lines": 0, "num_statements": 9, "percent_covered": 0.0, "percent_covered_display": "0", "missing_lines": 9, "excluded_lines": 0, "num_branches": 0, "num_partial_branches": 0, "covered_branches": 0, "missing_branches": 0}, "missing_lines": [553, 558, 559, 560, 561, 562, 565, 567, 569], "excluded_lines": [], "executed_branches": [], "missing_branches": []}, "ErrorHandlingOrchestrator.__enter__": {"executed_lines": [], "summary": {"covered_lines": 0, "num_statements": 2, "percent_covered": 0.0, "percent_covered_display": "0", "missing_lines": 2, "excluded_lines": 0, "num_branches": 0, "num_partial_branches": 0, "covered_branches": 0, "missing_branches": 0}, "missing_lines": [573, 574], "excluded_lines": [], "executed_branches": [], "missing_branches": []}, "ErrorHandlingOrchestrator.__exit__": {"executed_lines": [], "summary": {"covered_lines": 0, "num_statements": 3, "percent_covered": 0.0, "percent_covered_display": "0", "missing_lines": 3, "excluded_lines": 0, "num_branches": 2, "num_partial_branches": 0, "covered_branches": 0, "missing_branches": 2}, "missing_lines": [578, 579, 585], "excluded_lines": [], "executed_branches": [], "missing_branches": [[578, 579], [578, 585]]}, "get_error_orchestrator": {"executed_lines": [], "summary": {"covered_lines": 0, "num_statements": 3, "percent_covered": 0.0, "percent_covered_display": "0", "missing_lines": 3, "excluded_lines": 0, "num_branches": 2, "num_partial_branches": 0, "covered_branches": 0, "missing_branches": 2}, "missing_lines": [596, 597, 599], "excluded_lines": [], "executed_branches": [], "missing_branches": [[596, 597], [596, 599]]}, "with_error_handling": {"executed_lines": [], "summary": {"covered_lines": 0, "num_statements": 2, "percent_covered": 0.0, "percent_covered_display": "0", "missing_lines": 2, "excluded_lines": 0, "num_branches": 0, "num_partial_branches": 0, "covered_branches": 0, "missing_branches": 0}, "missing_lines": [610, 625], "excluded_lines": [], "executed_branches": [], "missing_branches": []}, "with_error_handling.decorator": {"executed_lines": [], "summary": {"covered_lines": 0, "num_statements": 2, "percent_covered": 0.0, "percent_covered_display": "0", "missing_lines": 2, "excluded_lines": 0, "num_branches": 0, "num_partial_branches": 0, "covered_branches": 0, "m
[...]
 1, "num_branches": 0, "num_partial_branches": 0, "covered_branches": 0, "missing_branches": 0}, "missing_lines": [], "excluded_lines": [99], "executed_branches": [], "missing_branches": []}, "NeuralProofSearch.search_with_embeddings": {"executed_lines": [], "summary": {"covered_lines": 0, "num_statements": 0, "percent_covered": 100.0, "percent_covered_display": "100", "missing_lines": 0, "excluded_lines": 1, "num_branches": 0, "num_partial_branches": 0, "covered_branches": 0, "missing_branches": 0}, "missing_lines": [], "excluded_lines": [118], "executed_branches": [], "missing_branches": []}, "NeuralProofSearch.get_statistics": {"executed_lines": [], "summary": {"covered_lines": 0, "num_statements": 1, "percent_covered": 0.0, "percent_covered_display": "0", "missing_lines": 1, "excluded_lines": 0, "num_branches": 0, "num_partial_branches": 0, "covered_branches": 0, "missing_branches": 0}, "missing_lines": [125], "excluded_lines": [], "executed_branches": [], "missing_branches": []}, "": {"executed_lines": [], "summary": {"covered_lines": 0, "num_statements": 24, "percent_covered": 0.0, "percent_covered_display": "0", "missing_lines": 24, "excluded_lines": 0, "num_branches": 0, "num_partial_branches": 0, "covered_branches": 0, "missing_branches": 0}, "missing_lines": [9, 10, 13, 14, 17, 18, 19, 20, 21, 22, 24, 29, 30, 33, 34, 35, 36, 37, 38, 41, 77, 92, 110, 123], "excluded_lines": [], "executed_branches": [], "missing_branches": []}}, "classes": {"SearchNode": {"executed_lines": [], "summary": {"covered_lines": 0, "num_statements": 1, "percent_covered": 0.0, "percent_covered_display": "0", "missing_lines": 1, "excluded_lines": 0, "num_branches": 0, "num_partial_branches": 0, "covered_branches": 0, "missing_branches": 0}, "missing_lines": [26], "excluded_lines": [], "executed_branches": [], "missing_branches": []}, "SearchStatistics": {"executed_lines": [], "summary": {"covered_lines": 0, "num_statements": 0, "percent_covered": 100.0, "percent_covered_display": "100", "missing_lines": 0, "excluded_lines": 0, "num_branches": 0, "num_partial_branches": 0, "covered_branches": 0, "missing_branches": 0}, "missing_lines": [], "excluded_lines": [], "executed_branches": [], "missing_branches": []}, "NeuralProofSearch": {"executed_lines": [], "summary": {"covered_lines": 0, "num_statements": 6, "percent_covered": 0.0, "percent_covered_display": "0", "missing_lines": 6, "excluded_lines": 2, "num_branches": 0, "num_partial_branches": 0, "covered_branches": 0, "missing_branches": 0}, "missing_lines": [86, 87, 88, 89, 90, 125], "excluded_lines": [99, 118], "executed_branches": [], "missing_branches": []}, "": {"executed_lines": [], "summary": {"covered_lines": 0, "num_statements": 24, "percent_covered": 0.0, "percent_covered_display": "0", "missing_lines": 24, "excluded_lines": 0, "num_branches": 0, "num_partial_branches": 0, "covered_branches": 0, "missing_branches": 0}, "missing_lines": [9, 10, 13, 14, 17, 18, 19, 20, 21, 22, 24, 29, 30, 33, 34, 35, 36, 37, 38, 41, 77, 92, 110, 123], "excluded_lines": [], "executed_branches": [], "missing_branches": []}}}, "src/simpulse/validator.py": {"executed_lines": [], "summary": {"covered_lines": 0, "num_statements": 26, "percent_covered": 0.0, "percent_covered_display": "0", "missing_lines": 26, "excluded_lines": 1, "num_branches": 2, "num_partial_branches": 0, "covered_branches": 0, "missing_branches": 2}, "missing_lines": [8, 9, 10, 13, 45, 47, 48, 50, 57, 59, 86, 88, 89, 95, 96, 97, 99, 106, 107, 108, 114, 116, 117, 118, 119, 120], "excluded_lines": [76], "executed_branches": [], "missing_branches": [[116, 117], [116, 118]], "functions": {"OptimizationValidator.__init__": {"executed_lines": [], "summary": {"covered_lines": 0, "num_statements": 2, "percent_covered": 0.0, "percent_covered_display": "0", "missing_lines": 2, "excluded_lines": 0, "num_branches": 0, "num_partial_branches": 0, "covered_branches": 0, "missing_branches": 0}, "missing_lines": [47, 48], "excluded_lines": [], "executed_branches": [], "missing_branches": []}, "OptimizationValidator.validate_correctness": {"executed_lines": [], "summary": {"covered_lines": 0, "num_statements": 1, "percent_covered": 0.0, "percent_covered_display": "0", "missing_lines": 1, "excluded_lines": 0, "num_branches": 0, "num_partial_branches": 0, "covered_branches": 0, "missing_branches": 0}, "missing_lines": [57], "excluded_lines": [], "executed_branches": [], "missing_branches": []}, "OptimizationValidator.validate_performance": {"executed_lines": [], "summary": {"covered_lines": 0, "num_statements": 0, "percent_covered": 100.0, "percent_covered_display": "100", "missing_lines": 0, "excluded_lines": 1, "num_branches": 0, "num_partial_branches": 0, "covered_branches": 0, "missing_branches": 0}, "missing_lines": [], "excluded_lines": [76], "executed_branches": [], "missing_branches": []}, "OptimizationValidator._check_lean_syntax": {"executed_lines": [], "summary": {"covered_lines": 0, "num_statements": 5, "percent_covered": 0.0, "percent_covered_display": "0", "missing_lines": 5, "excluded_lines": 0, "num_branches": 0, "num_partial_branches": 0, "covered_branches": 0, "missing_branches": 0}, "missing_lines": [88, 89, 95, 96, 97], "excluded_lines": [], "executed_branches": [], "missing_branches": []}, "OptimizationValidator._measure_compilation_time": {"executed_lines": [], "summary": {"covered_lines": 0, "num_statements": 9, "percent_covered": 0.0, "percent_covered_display": "0", "missing_lines": 9, "excluded_lines": 0, "num_branches": 2, "num_partial_branches": 0, "covered_branches": 0, "missing_branches": 2}, "missing_lines": [106, 107, 108, 114, 116, 117, 118, 119, 120], "excluded_lines": [], "executed_branches": [], "missing_branches": [[116, 117], [116, 118]]}, "": {"executed_lines": [], "summary": {"covered_lines": 0, "num_statements": 9, "percent_covered": 0.0, "percent_covered_display": "0", "missing_lines": 9, "excluded_lines": 0, "num_branches": 0, "num_partial_branches": 0, "covered_branches": 0, "missing_branches": 0}, "missing_lines": [8, 9, 10, 13, 45, 50, 59, 86, 99], "excluded_lines": [], "executed_branches": [], "missing_branches": []}}, "classes": {"OptimizationValidator": {"executed_lines": [], "summary": {"covered_lines": 0, "num_statements": 17, "percent_covered": 0.0, "percent_covered_display": "0", "missing_lines": 17, "excluded_lines": 1, "num_branches": 2, "num_partial_branches": 0, "covered_branches": 0, "missing_branches": 2}, "missing_lines": [47, 48, 57, 88, 89, 95, 96, 97, 106, 107, 108, 114, 116, 117, 118, 119, 120], "excluded_lines": [76], "executed_branches": [], "missing_branches": [[116, 117], [116, 118]]}, "": {"executed_lines": [], "summary": {"covered_lines": 0, "num_statements": 9, "percent_covered": 0.0, "percent_covered_display": "0", "missing_lines": 9, "excluded_lines": 0, "num_branches": 0, "num_partial_branches": 0, "covered_branches": 0, "missing_branches": 0}, "missing_lines": [8, 9, 10, 13, 45, 50, 59, 86, 99], "excluded_lines": [], "executed_branches": [], "missing_branches": []}}}, "src/simpulse/validator/__init__.py": {"executed_lines": [1, 7, 10, 11, 12, 13, 15, 18], "summary": {"covered_lines": 7, "num_statements": 8, "percent_covered": 80.0, "percent_covered_display": "80", "missing_lines": 1, "excluded_lines": 0, "num_branches": 2, "num_partial_branches": 1, "covered_branches": 1, "missing_branches": 1}, "missing_lines": [19], "excluded_lines": [], "executed_branches": [[18, -1]], "missing_branches": [[18, 19]], "functions": {"": {"executed_lines": [1, 7, 10, 11, 12, 13, 15, 18], "summary": {"covered_lines": 7, "num_statements": 8, "percent_covered": 80.0, "percent_covered_display": "80", "missing_lines": 1, "excluded_lines": 0, "num_branches": 2, "num_partial_branches": 1, "covered_branches": 1, "missing_branches": 1}, "missing_lines": [19], "excluded_lines": [], "executed_branches": [[18, -1]], "missing_branches": [[18, 19]]}}, "classes": {"": {"executed_lines": [1, 7, 10, 11, 12, 13, 15, 18], "summary": {"covered_lines": 7, "num_statements": 8, "percent_covered": 80.0, "percent_covered_display": "80", "missing_lines": 1, "excluded_lines": 0, "num_branches": 2, "num_partial_branches": 1, "covered_branches": 1, "missing_branches": 1}, "missing_lines": [19], "excluded_lines": [], "executed_branches": [[18, -1]], "missing_branches": [[18, 19]]}}}, "src/simpulse/validator/correctness.py": {"executed_lines": [1, 8, 9, 10, 11, 12, 13, 14, 15, 16, 18, 20, 23, 24, 25, 27, 28, 29, 30, 31, 34, 35, 36, 38, 39, 40, 41, 42, 43, 44, 45, 47, 48, 50, 51, 52, 54, 55, 57, 58, 59, 61, 64, 65, 67, 75, 76, 77, 79, 97, 99, 100, 101, 102, 103, 104, 106, 112, 119, 120, 121, 129, 131, 132, 134, 135, 144, 155, 156, 157, 160, 161, 163, 164, 167, 168, 177, 178, 180, 189, 190, 282, 283, 355, 365, 366, 368, 369, 370, 372, 373, 375, 378, 379, 380, 381, 382, 384, 396, 414, 416], "summary": {"covered_lines": 97, "num_statements": 181, "percent_covered": 51.52838427947598, "percent_covered_display": "52", "missing_lines": 84, "excluded_lines": 0, "num_branches": 48, "num_partial_branches": 3, "covered_branches": 21, "missing_branches": 27}, "missing_lines": [60, 81, 82, 85, 86, 88, 89, 92, 93, 95, 108, 109, 110, 137, 138, 139, 140, 141, 142, 171, 172, 174, 182, 183, 185, 186, 187, 203, 205, 207, 208, 211, 212, 214, 215, 216, 217, 219, 220, 223, 226, 228, 229, 230, 233, 235, 237, 245, 247, 248, 249, 250, 252, 254, 255, 258, 259, 261, 262, 265, 266, 267, 268, 269, 273, 274, 275, 278, 280, 295, 296, 297, 298, 299, 301, 302, 304, 305, 307, 308, 310, 311, 314, 353], "excluded_lines": [], "executed_branches": [[50, 51], [50, 52], [57, 58], [57, 59], [59, 61], [100, 101], [100, 104], [101, 102], [101, 103], [131, 132], [131, 134], [163, 164], [167, 168], [368, 369], [368, 378], [369, 368], [369, 370], [372, 373], [372, 375], [379, 380], [379, 396]], "missing_branches": [[59, 60], [86, 88], [86, 92], [108, -106], [108, 109], [163, 182], [167, 171], [171, 172], [171, 174], [214, 215], [214, 219], [228, 229], [228, 265], [233, 235], [233, 261], [247, 248], [247, 252], [258, 228], [258, 259], [265, 266], [265, 278], [267, 268], [267, 278], [301, 302], [301, 314], [307, 308], [307, 310]], "functions": {"ValidationResult.success_rate": {"executed_lines": [50, 51, 52], "summary": {"covered_lines": 3, "num_statements": 3, "percent_covered": 100.0, "percent_covered_display": "100", "missing_lines": 0, "excluded_lines": 0, "num_branches": 2, "num_partial_branches": 0, "covered_branches": 2, "missing_branches": 0}, "missing_lines": [], "excluded_lines": [], "executed_branches": [[50, 51], [50, 52]], "missing_branches": []}, "ValidationResult.speedup": {"executed_lines": [57, 58, 59, 61], "summary": {"covered_lines": 4, "num_statements": 5, "percent_covered": 77.77777777777777, "percent_covered_display": "78", "missing_lines": 1, "excluded_lines": 0, "num_branches": 4, "num_partial_branches": 1, "covered_branches": 3, "missing_branches": 1}, "missing_lines": [60], "excluded_lines": [], "executed_branches": [[57, 58], [57, 59], [59, 61]], "missing_branches": [[59, 60]]}, "CorrectnessValidator.__init__": {"executed_lines": [75, 76, 77], "summary": {"covered_lines": 3, "num_statements": 3, "percent_covered": 100.0, "percent_covered_display": "100", "missing_lines": 0, "excluded_lines": 0, "num_branches": 0, "num_partial_branches": 0, "covered_branches": 0, "missing_branches": 0}, "missing_lines": [], "excluded_lines": [], "executed_branches": [], "missing_branches": []}, "CorrectnessValidator._setup_temp_workspace": {"executed_lines": [], "summary": {"covered_lines": 0, "num_statements": 9, "percent_covered": 0.0, "percent_covered_display": "0", "missing_lines": 9, "excluded_lines": 0, "num_branches": 2, "num_partial_branches": 0, "covered_branches": 0, "missing_branches": 2}, "missing_lines": [81, 82, 85, 86, 88, 89, 92, 93, 95], "excluded_lines": [], "executed_branches": [], "missing_branches": [[86, 88], [86, 92]]}, "CorrectnessValidator._find_project_root": {"executed_lines": [99, 100, 101, 102, 103, 104], "summary": {"covered_lines": 6, "num_statements": 6, "percent_covered": 100.0, "percent_covered_display": "100", "missing_lines": 0, "excluded_lines": 0, "num_branches": 4, "num_partial_branches": 0, "covered_branches": 4, "missing_branches": 0}, "missing_lines": [], "excluded_lines": [], "executed_branches": [[100, 101], [100, 104], [101, 102], [101, 103]], "missing_branches": []}, "CorrectnessValidator._cleanup_temp_workspace": {"executed_lines": [], "summary": {"covered_lines": 0, "num_statements": 3, "percent_covered": 0.0, "percent_covered_display": "0", "missing_lines": 3, "excluded_lines": 0, "num_branches": 2, "num_partial_branches": 0, "covered_branches": 0, "missing_branches": 2}, "missing_lines": [108, 109, 110], "excluded_lines": [], "executed_branches": [], "missing_branches": [[108, -106], [108, 109]]}, "CorrectnessValidator._run_lake_build": {"executed_lines": [119, 120, 121, 129, 131, 132, 134, 135], "summary": {"covered_lines": 8, "num_statements": 14, "percent_covered": 62.5, "percent_covered_display": "62", "missing_lines": 6, "excluded_lines": 0, "num_branches": 2, "num_partial_branches": 0, "covered_branches": 2, "missing_branches": 0}, "missing_lines": [137, 138, 139, 140, 141, 142], "excluded_lines": [], "executed_branches": [[131, 132], [131, 134]], "missing_branches": []}, "CorrectnessValidator._apply_optimization": {"executed_lines": [155, 156, 157, 160, 161, 163, 164, 167, 168, 177, 178, 180], "summary": {"covered_lines": 12, "num_statements": 20, "percent_covered": 53.84615384615385, "percent_covered_display": "54", "missing_lines": 8, "excluded_lines": 0, "num_branches": 6, "num_partial_branches": 2, "covered_branches": 2, "missing_branches": 4}, "missing_lines": [171, 172, 174, 182, 183, 185, 186, 187], "excluded_lines": [], "executed_branches": [[163, 164], [167, 168]], "missing_branches": [[163, 182], [167, 171], [171, 172], [171, 174]]}, "CorrectnessValidator.validate_file": {"executed_lines": [], "summary": {"covered_lines": 0, "num_statements": 42, "percent_covered": 0.0, "percent_covered_display": "0", "missing_lines": 42, "excluded_lines": 0, "num_branches": 14, "num_partial_branches": 0, "covered_branches": 0, "missing_branches": 14}, "missing_lines": [203, 205, 207, 208, 211, 212, 214, 215, 216, 217, 219, 220, 223, 226, 228, 229, 230, 233, 235, 237, 245, 247, 248, 249, 250, 252, 254, 255, 258, 259, 261, 262, 265, 266, 267, 268, 269, 273, 274, 275, 278, 280], "excluded_lines": [], "executed_branches": [], "missing_branches": [[214, 215], [214, 219], [228, 229], [228, 265], [233, 235], [233, 261], [247, 248], [247, 252], [258, 228], [258, 259], [265, 266], [265, 278], [267, 268], [267, 278]]}, "CorrectnessValidator.validate_batch": {"executed_lines": [], "summary": {"covered_lines": 0, "num_statements": 15, "percent_covered": 0.0, "percent_covered_display": "0", "missing_lines": 15, "excluded_lines": 0, "num_branches": 4, "num_partial_branches": 0, "covered_branches": 0, "missing_branches": 4}, "missing_lines": [295, 296, 297, 298, 299, 301, 302, 304, 305, 307, 308, 310, 311, 314, 353], "excluded_lines": [], "executed_branches": [], "missing_branches": [[301, 302], [301, 314], [307, 308], [307, 310]]}, "CorrectnessValidator.generate_safety_report": {"executed_lines": [365, 366, 368, 369, 370, 372, 373, 375, 378, 379, 380, 381, 382, 384, 396], "summary": {"covered_lines": 15, "num_statements": 15, "percent_covered": 100.0, "percent_covered_display": "100", "missing_lines": 0, "excluded_lines": 0, "num_branches": 8, "num_partial_branches": 0, "covered_branches": 8, "missing_branches": 0}, "missing_lines": [], "excluded_lines": [], "executed_branches": [[368, 369], [368, 378], [369, 368], [369, 370], [372, 373], [372, 375], [379, 380], [379, 396]], "missing_branches": []}, "create_validator": {"executed_lines": [416], "summary": {"covered_lines": 1, "num_statements": 1, "percent_covered": 100.0, "percent_covered_display": "100", "missing_lines": 0, "excluded_lines": 0, "num_branches": 0, "num_partial_branches": 0, "covered_branches": 0, "missing_branches": 0}, "missing_lines": [], "excluded_lines": [], "executed_branches": [], "missing_branches": []}, "": {"executed_lines": [1, 8, 9, 10, 11, 12, 13, 14, 15, 16, 18, 20, 23, 24, 25, 27, 28, 29, 30, 31, 34, 35, 36, 38, 39, 40, 41, 42, 43, 44, 45, 47, 48, 54, 55, 64, 65, 67, 79, 97, 106, 112, 144, 189, 190, 282, 283, 355, 414], "summary": {"covered_lines": 45, "num_statements": 45, "percent_covered": 100.0, "percent_covered_display": "100", "missing_lines": 0, "excluded_lines": 0, "num_branches": 0, "num_partial_branches": 0, "covered_branches": 0, "missing_branches": 0}, "missing_lines": [], "excluded_lines": [], "executed_branches": [], "missing_branches": []}}, "classes": {"OptimizationResult": {"executed_lines": [], "summary": {"covered_lines": 0, "num_statements": 0, "percent_covered": 100.0, "percent_covered_display": "100", "missing_lines": 0, "excluded_lines": 0, "num_branches": 0, "num_partial_branches": 0, "covered_branches": 0, "missing_branches": 0}, "missing_lines": [], "excluded_lines": [], "executed_branches": [], "missing_branches": []}, "ValidationResult": {"executed_lines": [50, 51, 52, 57, 58, 59, 61], "summary": {"covered_lines": 7, "num_statements": 8, "percent_covered": 85.71428571428571, "percent_covered_display": "86", "missing_lines": 1, "excluded_lines": 0, "num_branches": 6, "num_partial_branches": 1, "covered_branches": 5, "missing_branches": 1}, "missing_lines": [60], "excluded_lines": [], "executed_branches": [[50, 51], [50, 52], [57, 58], [57, 59], [59, 61]], "missing_branches": [[59, 60]]}, "CorrectnessValidator": {"executed_lines": [75, 76, 77, 99, 100, 101, 102, 103, 104, 119, 120, 121, 129, 131, 132, 134, 135, 155, 156, 157, 160, 161, 163, 164, 167, 168, 177, 178, 180, 365, 366, 368, 369, 370, 372, 373, 375, 378, 379, 380, 381, 382, 384, 396], "summary": {"covered_lines": 44, "num_statements": 127, "percent_covered": 35.50295857988166, "percent_covered_display": "36", "missing_lines": 83, "excluded_lines": 0, "num_branches": 42, "num_partial_branches": 2, "covered_branches": 16, "missing_branches": 26}, "missing_lines": [81, 82, 85, 86, 88, 89, 92, 93, 95, 108, 109, 110, 137, 138, 139, 140, 141, 142, 171, 172, 174, 182, 183, 185, 186, 187, 203, 205, 207, 208, 211, 212, 214, 215, 216, 217, 219, 220, 223, 226, 228, 229, 230, 233, 235, 237, 245, 247, 248, 249, 250, 252, 254, 255, 258, 259, 261, 262, 265, 266, 267, 268, 269, 273, 274, 275, 278, 280, 295, 296, 297, 298, 299, 301, 302, 304, 305, 307, 308, 310, 311, 314, 353], "excluded_lines": [], "executed_branches": [[100, 101], [100, 104], [101, 102], [101, 103], [131, 132], [131, 134], [163, 164], [167, 168], [368, 369], [368, 378], [369, 368], [369, 370], [372, 373], [372, 375], [379, 380], [379, 396]], "missing_branches": [[86, 88], [86, 92], [108, -106], [108, 109], [163, 182], [167, 171], [171, 172], [171, 174], [214, 215], [214, 219], [228, 229], [228, 265], [233, 235], [233, 261], [247, 248], [247, 252], [258, 228], [258, 259], [265, 266], [265, 278], [267, 268], [267, 278], [301, 302], [301, 314], [307, 308], [307, 310]]}, "": {"executed_lines": [1, 8, 9, 10, 11, 12, 13, 14, 15, 16, 18, 20, 23, 24, 25, 27, 28, 29, 30, 31, 34, 35, 36, 38, 39, 40, 41, 42, 43, 44, 45, 47, 48, 54, 55, 64, 65, 67, 79, 97, 106, 112, 144, 189, 190, 282, 283, 355, 414, 416], "summary": {"covered_lines": 46, "num_statements": 46, "percent_covered": 100.0, "percent_covered_display": "100", "missing_lines": 0, "excluded_lines": 0, "num_branches": 0, "num_partial_branches": 0, "covered_branches": 0, "missing_branches": 0}, "missing_lines": [], "excluded_lines": [], "executed_branches": [], "missing_branches": []}}}}, "totals": {"covered_lines": 2518, "num_statements": 8141, "percent_covered": 27.81223165728461, "percent_covered_display": "28", "missing_lines": 5623, "excluded_lines": 93, "num_branches": 2340, "num_partial_branches": 123, "covered_branches": 397, "missing_branches": 1943}}